




<!DOCTYPE html>
<html>
<head>
	<meta charset='UTF-8' /> 
	<meta name='description' content='' />
	<meta name='robots' content='noodp, noydir' />
	<meta name='viewport' content='width=device-width, initial-scale=1' />
	<meta id="timeStampFormat" name="timeStampFormat" content='MMM d, yyyy hh:mm:ss a'/>
	
        <link href='http://fonts.googleapis.com/css?family=Source+Sans+Pro:400,600' rel='stylesheet' type='text/css' />
        <link href="http://fonts.googleapis.com/icon?family=Material+Icons" rel="stylesheet" />
        <link href='http://cdn.jsdelivr.net/gh/extent-framework/extent-github-cdn@ff53917fbbdb5ef820abbbe4d199a6942dc771ff/v3html/css/extent.css' type='text/css' rel='stylesheet' />
	
	<title></title>

	<style type='text/css'>
		/* json-tree */
		.jstBracket,.jstComma,.jstValue{white-space:pre-wrap}.jstValue{font-size:10px;font-weight:400;font-family:"Lucida Console",Monaco,monospace}.jstProperty{color:#666;word-wrap:break-word}.jstBool{color:#2525CC}.jstNum{color:#D036D0}.jstNull{color:gray}.jstStr{color:#2DB669}.jstFold:after{content:' -';cursor:pointer}.jstExpand{white-space:normal}.jstExpand:after{content:' +';cursor:pointer}.jstFolded{white-space:normal!important}.jstHiddenBlock{display:none}
			
	</style>
	
	<script type="text/javascript">
		/*! json-tree - v0.2.2 - 2017-09-25, MIT LICENSE */
		var JSONTree=function(){var n={"&":"&amp;","<":"&lt;",">":"&gt;",'"':"&quot;","'":"&#x27;","/":"&#x2F;"},t=0,r=0;this.create=function(n,t){return r+=1,N(u(n,0,!1),{class:"jstValue"})};var e=function(t){return t.replace(/[&<>'"]/g,function(t){return n[t]})},s=function(){return r+"_"+t++},u=function(n,t,r){if(null===n)return f(r?t:0);switch(typeof n){case"boolean":return l(n,r?t:0);case"number":return i(n,r?t:0);case"string":return o(n,r?t:0);default:return n instanceof Array?a(n,t,r):c(n,t,r)}},c=function(n,t,r){var e=s(),u=Object.keys(n).map(function(r){return j(r,n[r],t+1,!0)}).join(m()),c=[g("{",r?t:0,e),N(u,{id:e}),p("}",t)].join("\n");return N(c,{})},a=function(n,t,r){var e=s(),c=n.map(function(n){return u(n,t+1,!0)}).join(m());return[g("[",r?t:0,e),N(c,{id:e}),p("]",t)].join("\n")},o=function(n,t){var r=e(JSON.stringify(n));return N(v(r,t),{class:"jstStr"})},i=function(n,t){return N(v(n,t),{class:"jstNum"})},l=function(n,t){return N(v(n,t),{class:"jstBool"})},f=function(n){return N(v("null",n),{class:"jstNull"})},j=function(n,t,r){var s=v(e(JSON.stringify(n))+": ",r),c=N(u(t,r,!1),{});return N(s+c,{class:"jstProperty"})},m=function(){return N(",\n",{class:"jstComma"})},N=function(n,t){return d("span",t,n)},d=function(n,t,r){return"<"+n+Object.keys(t).map(function(n){return" "+n+'="'+t[n]+'"'}).join("")+">"+r+"</"+n+">"},g=function(n,t,r){return N(v(n,t),{class:"jstBracket"})+N("",{class:"jstFold",onclick:"JSONTree.toggle('"+r+"')"})};this.toggle=function(n){var t=document.getElementById(n),r=t.parentNode,e=t.previousElementSibling;""===t.className?(t.className="jstHiddenBlock",r.className="jstFolded",e.className="jstExpand"):(t.className="",r.className="",e.className="jstFold")};var p=function(n,t){return N(v(n,t),{})},v=function(n,t){return Array(2*t+1).join(" ")+n};return this}();
	</script>
</head>
	<body class='extent standard default hide-overflow bdd-report'>
		<div id='theme-selector' alt='Click to toggle theme. To enable by default, use theme configuration.' title='Click to toggle theme. To enable by default, use theme configuration.'>
			<span><i class='material-icons'>desktop_windows</i></span>
		</div>
<nav>
	<div class="nav-wrapper">
        <a href="#!" class="brand-logo black"><img src="http://cdn.jsdelivr.net/gh/extent-framework/extent-github-cdn@ff53917fbbdb5ef820abbbe4d199a6942dc771ff/commons/img/logo.png"></a>
		<!-- slideout menu -->
		<ul id='slide-out' class='side-nav fixed hide-on-med-and-down'>
			<li class='waves-effect active'><a href='#!' view='test-view' onclick="configureView(0);chartsView('test');"><i class='material-icons'>dashboard</i></a></li>
			<li class='waves-effect'><a href='#!' view='exception-view' onclick="configureView(2)"><i class='material-icons'>bug_report</i></a></li>
			<li class='waves-effect'><a href='#!' onclick="configureView(-1);chartsView('dashboard');" view='dashboard-view'><i class='material-icons'>track_changes</i></a></li>
		</ul>
		<!-- report name -->
		<span class='report-name'></span>
		<!-- report headline -->
		<span class='report-headline'></span>
		<!-- nav-right -->
		<ul id='nav-mobile' class='right hide-on-med-and-down nav-right'>
			<a href='#!'>
			<span class='label blue darken-3 suite-start-time'>Nov 9, 2024 06:55:35 PM</span>
			</a>
		</ul>
	</div>
</nav>		<!-- container -->
		<div class='container'>
<div id='test-view' class='view'>
	<section id='controls'>
		<div class='controls grey lighten-4'>
			<!-- test toggle -->
			<div class='chip transparent'>
				<a class='dropdown-button tests-toggle' data-activates='tests-toggle' data-constrainwidth='true' data-beloworigin='true' data-hover='true' href='#'>
				<i class='material-icons'>warning</i> Status
				</a>
				<ul id='tests-toggle' class='dropdown-content'>
										<li status='fail'><a href='#!'>Fail <i class='material-icons red-text'>cancel</i></a></li>
					<li class='divider'></li>
					<li status='clear' clear='true'><a href='#!'>Clear Filters <i class='material-icons'>clear</i></a></li>
				</ul>
			</div>
			<!-- test toggle -->
			<!-- category toggle -->
			<!-- category toggle -->
			<!-- clear filters -->
			<div class='chip transparent hide'>
				<a class='' id='clear-filters' alt='Clear Filters' title='Clear Filters'>
				<i class='material-icons'>close</i> Clear
				</a>
			</div>
			<!-- clear filters -->
			<!-- enable dashboard -->
			<div id='toggle-test-view-charts' class='chip transparent'>
				<a class='pink-text' id='enable-dashboard' alt='Enable Dashboard' title='Enable Dashboard'>
				<i class='material-icons'>track_changes</i> Dashboard
				</a>
			</div>
			<!-- enable dashboard -->
			<!-- search -->
			<div class='chip transparent' alt='Search Tests' title='Search Tests'>
				<a href="#" class='search-div'>
				<i class='material-icons'>search</i> Search
				</a>
				<div class='input-field left hide'>
					<input id='search-tests' type='text' class='validate browser-default' placeholder='Search Tests...'>
				</div>
			</div>
			<!-- search -->
		</div>
	</section>

<div id='test-view-charts' class='subview-full'>
    <div id='charts-row' class='row nm-v nm-h'>
        <div class='col s12 m4 l4 np-h'>
            <div class='card-panel nm-v'>
                <div class='left panel-name'>Features</div>
                <div class='chart-box' style="max-height:94px;">
                    <canvas id='parent-analysis' width='90' height='70'></canvas>
                </div>
                <div class='block text-small'>
                    <span class='tooltipped' data-position='top' data-tooltip='$0%'>
                    <span class='strong'>0</span> features passed</span>
                </div>
                <div class='block text-small'>
                    <span class='strong tooltipped' data-position='top' data-tooltip='100%'>
                    1</span> features failed, 
                    <span class='strong tooltipped' data-position='top' data-tooltip='0%'>
                    0</span> skipped
                </div>
            </div>
        </div>
        <div class='col s12 m4 l4 np-h'>
            <div class='card-panel nm-v'>
                <div class='left panel-name'>Scenarios</div>
                <div class='chart-box' style="max-height:94px;">
                    <canvas id='child-analysis' width='90' height='70'></canvas>
                </div>
                <div class='block text-small'>
                    <span class='tooltipped' data-position='top' data-tooltip='0%'>
                    <span class='strong'>0</span> scenarios passed</span>
                </div>
                <div class='block text-small'>
                    <span class='strong tooltipped' data-position='top' data-tooltip='100%'>
                    14</span> scenarios failed, 
                    <span class='strong tooltipped' data-position='top' data-tooltip='0%'>
                    0</span> skipped, 
                    <span class='strong tooltipped' data-position='top' data-tooltip='0%'>
                    0</span> others
                </div>
            </div>
        </div>
        <div class='col s12 m4 l4 np-h'>
            <div class='card-panel nm-v'>
                <div class='left panel-name'>Steps</div>
                <div class='chart-box' style="max-height:94px;">
                    <canvas id='grandchild-analysis' width='90' height='70'></canvas>
                </div>
                <div class='block text-small'>
                    <span class='tooltipped' data-position='top' data-tooltip='47%'>
                    <span class='strong'>28</span> steps passed</span>
                </div>
                <div class='block text-small'>
                    <span class='strong tooltipped' data-position='top' data-tooltip='23%'>
                    14</span> steps failed, 
                    <span class='strong tooltipped' data-position='top' data-tooltip='28%'>
                    17</span> skipped, 
                    <span class='strong tooltipped' data-position='top' data-tooltip='0%'>
                    0</span> others
                </div>
            </div>
        </div>
    </div>
    <div id="timeline-chart" class="row nm-v nm-h">
        <div class="col s12 m12 l12 np-h">
            <div class="card-panel">
                <div class='left panel-name'>Timeline (seconds)</div>
                <div class="chart-box" style="width:98%;max-height:145px;">
                    <canvas id="timeline" height="120"></canvas>
                </div>
            </div>
        </div>
    </div>
</div>	
	<div class='subview-left left'>
		<div class='view-summary'>
			<ul id='test-collection' class='test-collection'>
				<li class='test displayed active has-leaf fail' status='fail' bdd='true' test-id='1'>
					<div class='test-heading'>
						<span class='test-name'>New Customer</span>
						<span class='test-time'>Nov 9, 2024 06:55:36 PM</span>
						<span class='test-status right fail'>Fail</span>
					</div>
					<div class='test-content hide'>
<div class="sr-filters bdd-filters">
	<a class="btn-floating waves-effect waves-light pass green" title="pass"><i class='material-icons'>check_circle</i></a>
	<a class="btn-floating waves-effect waves-light fail red" title="fail"><i class='material-icons'>cancel</i></a>
	<a class="btn-floating waves-effect waves-light skip blue" title="skip"><i class='material-icons'>redo</i></a>
	<a class="btn-floating waves-effect waves-light clear grey" title="clear"><i class='material-icons'>clear</i></a>
</div>

<div class='scenario node' test-id='2' status='fail'>

	<span class='duration right label'>00 00 05.891</span>
	<div class="bdd-test">
		<div class="scenario-name"><span class='status fail' title='Fail'><i class='material-icons'>cancel</i></span> Scenario: NC1 Verify Name Field (Name cannot be empty)</div>
	</div>
	
	
	
	<ul class='steps'>
		<li test-id='4' class='node given Pass' status='Pass'>
			<div class="step-name" title="(stepDefinition.BackgroundSteps.user_should_be_on_demo_guru_site())"><span class='status pass' title='Pass'><i class='material-icons'>check_circle</i></span>Given user should be on demo Guru site</div>


		</li>
		<li test-id='5' class='node and Pass' status='Pass'>
			<div class="step-name" title="(stepDefinition.NewCustomer.user_log_in_with_valid_username_and_password())"><span class='status pass' title='Pass'><i class='material-icons'>check_circle</i></span>And user log in with valid username and password</div>


		</li>
		<li test-id='6' class='node when Fail' status='Fail'>
			<div class="step-name" title="(stepDefinition.NewCustomer.user_does_not_enter_a_value_in_name_field())"><span class='status fail' title='Fail'><i class='material-icons'>cancel</i></span>When user does not enter a value in NAME Field</div>


					<textarea disabled class="code-block">org.openqa.selenium.NoAlertPresentException: no such alert
  (Session info: MicrosoftEdge=130.0.2849.68)
Build info: version: '4.10.0', revision: 'c14d967899'
System info: os.name: 'Windows 11', os.arch: 'amd64', os.version: '10.0', java.version: '21'
Driver info: org.openqa.selenium.edge.EdgeDriver
Command: [8f7be0ab48d95bf1bad738d8e3c856da, getAlertText {}]
Capabilities {acceptInsecureCerts: false, browserName: MicrosoftEdge, browserVersion: 130.0.2849.68, fedcm:accounts: true, ms:edgeOptions: {debuggerAddress: localhost:50324}, msedge: {msedgedriverVersion: 130.0.2849.56 (85245383cd01..., userDataDir: C:\Users\ajgom\AppData\Loca...}, networkConnectionEnabled: false, pageLoadStrategy: normal, platformName: windows, proxy: Proxy(), se:cdp: ws://localhost:50324/devtoo..., se:cdpVersion: 130.0.2849.68, setWindowRect: true, strictFileInteractability: false, timeouts: {implicit: 0, pageLoad: 300000, script: 30000}, unhandledPromptBehavior: dismiss and notify, webauthn:extension:credBlob: true, webauthn:extension:largeBlob: true, webauthn:extension:minPinLength: true, webauthn:extension:prf: true, webauthn:virtualAuthenticators: true}
Session ID: 8f7be0ab48d95bf1bad738d8e3c856da
	at java.base/jdk.internal.reflect.DirectConstructorHandleAccessor.newInstance(DirectConstructorHandleAccessor.java:62)
	at java.base/java.lang.reflect.Constructor.newInstanceWithCaller(Constructor.java:502)
	at java.base/java.lang.reflect.Constructor.newInstance(Constructor.java:486)
	at org.openqa.selenium.remote.codec.w3c.W3CHttpResponseCodec.createException(W3CHttpResponseCodec.java:199)
	at org.openqa.selenium.remote.codec.w3c.W3CHttpResponseCodec.decode(W3CHttpResponseCodec.java:132)
	at org.openqa.selenium.remote.codec.w3c.W3CHttpResponseCodec.decode(W3CHttpResponseCodec.java:51)
	at org.openqa.selenium.remote.HttpCommandExecutor.execute(HttpCommandExecutor.java:191)
	at org.openqa.selenium.remote.service.DriverCommandExecutor.invokeExecute(DriverCommandExecutor.java:196)
	at org.openqa.selenium.remote.service.DriverCommandExecutor.execute(DriverCommandExecutor.java:171)
	at org.openqa.selenium.remote.RemoteWebDriver.execute(RemoteWebDriver.java:531)
	at org.openqa.selenium.remote.RemoteWebDriver.execute(RemoteWebDriver.java:590)
	at org.openqa.selenium.remote.RemoteWebDriver.execute(RemoteWebDriver.java:594)
	at org.openqa.selenium.remote.RemoteWebDriver$RemoteTargetLocator.alert(RemoteWebDriver.java:1084)
	at pageObjects.NewCustomerPage.newCustomerName(NewCustomerPage.java:70)
	at stepDefinition.NewCustomer.user_does_not_enter_a_value_in_name_field(NewCustomer.java:33)
	at ✽.user does not enter a value in NAME Field(file:///C:/Users/ajgom/IdeaProjects/CucumberBDD/src/test/java/features/newCustomer.feature:10)
</textarea>
		</li>
		<li test-id='7' class='node and Skip' status='Skip'>
			<div class="step-name" title="(stepDefinition.NewCustomer.user_press_tab_and_move_to_next_field())"><span class='status skip' title='Skip'><i class='material-icons'>redo</i></span>And user press TAB and move to next Field</div>


					<div class="node-step">Step skipped</div>
		</li>
		<li test-id='8' class='node then Skip' status='Skip'>
			<div class="step-name" title="(stepDefinition.NewCustomer.an_error_message_customer_name_must_not_be_blank_must_appear())"><span class='status skip' title='Skip'><i class='material-icons'>redo</i></span>Then An error message Customer name must not be blank must appear</div>


					<div class="node-step">Step skipped</div>
		</li>
	</ul>
</div>
<div class='scenario outline node' test-id='10' status='fail'>

	<span class='duration right label'>00 00 07.165</span>
	<div class="bdd-test">
		<div class="scenario-name"><span class='status fail' title='Fail'><i class='material-icons'>cancel</i></span> Scenario Outline: NC2 Verify Name Field (Name cannot be numeric)</div>
	</div>
	
		<div class='node-desc'><br><br><table class='markup-table table '><tr><td>value</td></tr><tr><td>"1234"</td></tr><tr><td>"name123"</td></tr></table></div>
	
	
	<ul class='steps'>
		<li test-id='11' class='node scenario Fail' status='Fail'>
			<div class="step-name" title="()"><span class='status fail' title='Fail'><i class='material-icons'>cancel</i></span>NC2 Verify Name Field (Name cannot be numeric)</div>


			<ul class='gc steps'>
				<li test-id='13' class='gc given Pass' status='Pass'>
					<h6 class="step-name" title="stepDefinition.BackgroundSteps.user_should_be_on_demo_guru_site()"><span class='status pass' title='Pass'><i class='material-icons'>check_circle</i></span>Given user should be on demo Guru site</h6>

				</li>
				<li test-id='14' class='gc and Pass' status='Pass'>
					<h6 class="step-name" title="stepDefinition.NewCustomer.user_log_in_with_valid_username_and_password()"><span class='status pass' title='Pass'><i class='material-icons'>check_circle</i></span>And user log in with valid username and password</h6>

				</li>
				<li test-id='15' class='gc when Fail' status='Fail'>
					<h6 class="step-name" title="stepDefinition.NewCustomer.user_enters_numeric_in_name_field(java.lang.String)"><span class='status fail' title='Fail'><i class='material-icons'>cancel</i></span>When user enters numeric "1234" in NAME Field</h6>

							<textarea disabled class="code-block">java.lang.IllegalArgumentException: Keys to send should be a not null CharSequence
	at org.openqa.selenium.remote.RemoteWebElement.sendKeys(RemoteWebElement.java:97)
	at java.base/jdk.internal.reflect.DirectMethodHandleAccessor.invoke(DirectMethodHandleAccessor.java:103)
	at java.base/java.lang.reflect.Method.invoke(Method.java:580)
	at org.openqa.selenium.support.pagefactory.internal.LocatingElementHandler.invoke(LocatingElementHandler.java:51)
	at jdk.proxy2/jdk.proxy2.$Proxy28.sendKeys(Unknown Source)
	at pageObjects.NewCustomerPage.nameField(NewCustomerPage.java:83)
	at stepDefinition.NewCustomer.user_enters_numeric_in_name_field(NewCustomer.java:52)
	at ✽.user enters numeric "1234" in NAME Field(file:///C:/Users/ajgom/IdeaProjects/CucumberBDD/src/test/java/features/newCustomer.feature:16)
</textarea>
				</li>
				<li test-id='16' class='gc then Skip' status='Skip'>
					<h6 class="step-name" title="stepDefinition.NewCustomer.an_error_message_numbers_are_not_allowed_must_appear()"><span class='status skip' title='Skip'><i class='material-icons'>redo</i></span>Then An error message Numbers are not allowed must appear</h6>

							<div class="node-step">Step skipped</div>
				</li>
			</ul>
		</li>
		<li test-id='18' class='node scenario Fail' status='Fail'>
			<div class="step-name" title="()"><span class='status fail' title='Fail'><i class='material-icons'>cancel</i></span>NC2 Verify Name Field (Name cannot be numeric)</div>


			<ul class='gc steps'>
				<li test-id='20' class='gc given Pass' status='Pass'>
					<h6 class="step-name" title="stepDefinition.BackgroundSteps.user_should_be_on_demo_guru_site()"><span class='status pass' title='Pass'><i class='material-icons'>check_circle</i></span>Given user should be on demo Guru site</h6>

				</li>
				<li test-id='21' class='gc and Pass' status='Pass'>
					<h6 class="step-name" title="stepDefinition.NewCustomer.user_log_in_with_valid_username_and_password()"><span class='status pass' title='Pass'><i class='material-icons'>check_circle</i></span>And user log in with valid username and password</h6>

				</li>
				<li test-id='22' class='gc when Fail' status='Fail'>
					<h6 class="step-name" title="stepDefinition.NewCustomer.user_enters_numeric_in_name_field(java.lang.String)"><span class='status fail' title='Fail'><i class='material-icons'>cancel</i></span>When user enters numeric "name123" in NAME Field</h6>

							<textarea disabled class="code-block">java.lang.IllegalArgumentException: Keys to send should be a not null CharSequence
	at org.openqa.selenium.remote.RemoteWebElement.sendKeys(RemoteWebElement.java:97)
	at java.base/jdk.internal.reflect.DirectMethodHandleAccessor.invoke(DirectMethodHandleAccessor.java:103)
	at java.base/java.lang.reflect.Method.invoke(Method.java:580)
	at org.openqa.selenium.support.pagefactory.internal.LocatingElementHandler.invoke(LocatingElementHandler.java:51)
	at jdk.proxy2/jdk.proxy2.$Proxy28.sendKeys(Unknown Source)
	at pageObjects.NewCustomerPage.nameField(NewCustomerPage.java:83)
	at stepDefinition.NewCustomer.user_enters_numeric_in_name_field(NewCustomer.java:52)
	at ✽.user enters numeric "name123" in NAME Field(file:///C:/Users/ajgom/IdeaProjects/CucumberBDD/src/test/java/features/newCustomer.feature:16)
</textarea>
				</li>
				<li test-id='23' class='gc then Skip' status='Skip'>
					<h6 class="step-name" title="stepDefinition.NewCustomer.an_error_message_numbers_are_not_allowed_must_appear()"><span class='status skip' title='Skip'><i class='material-icons'>redo</i></span>Then An error message Numbers are not allowed must appear</h6>

							<div class="node-step">Step skipped</div>
				</li>
			</ul>
		</li>
	</ul>
</div>
<div class='scenario outline node' test-id='25' status='fail'>

	<span class='duration right label'>00 00 06.948</span>
	<div class="bdd-test">
		<div class="scenario-name"><span class='status fail' title='Fail'><i class='material-icons'>cancel</i></span> Scenario Outline: NC3 Verify Name Field (Name cannot have special characters)</div>
	</div>
	
		<div class='node-desc'><br><br><table class='markup-table table '><tr><td>characters</td></tr><tr><td>"name!@#"</td></tr><tr><td>"!@#"</td></tr></table></div>
	
	
	<ul class='steps'>
		<li test-id='26' class='node scenario Fail' status='Fail'>
			<div class="step-name" title="()"><span class='status fail' title='Fail'><i class='material-icons'>cancel</i></span>NC3 Verify Name Field (Name cannot have special characters)</div>


			<ul class='gc steps'>
				<li test-id='28' class='gc given Pass' status='Pass'>
					<h6 class="step-name" title="stepDefinition.BackgroundSteps.user_should_be_on_demo_guru_site()"><span class='status pass' title='Pass'><i class='material-icons'>check_circle</i></span>Given user should be on demo Guru site</h6>

				</li>
				<li test-id='29' class='gc and Pass' status='Pass'>
					<h6 class="step-name" title="stepDefinition.NewCustomer.user_log_in_with_valid_username_and_password()"><span class='status pass' title='Pass'><i class='material-icons'>check_circle</i></span>And user log in with valid username and password</h6>

				</li>
				<li test-id='30' class='gc when Fail' status='Fail'>
					<h6 class="step-name" title="stepDefinition.NewCustomer.user_enters_special_in_name_field(java.lang.String)"><span class='status fail' title='Fail'><i class='material-icons'>cancel</i></span>When user enters special "name!@#" in NAME Field</h6>

							<textarea disabled class="code-block">java.lang.IllegalArgumentException: Keys to send should be a not null CharSequence
	at org.openqa.selenium.remote.RemoteWebElement.sendKeys(RemoteWebElement.java:97)
	at java.base/jdk.internal.reflect.DirectMethodHandleAccessor.invoke(DirectMethodHandleAccessor.java:103)
	at java.base/java.lang.reflect.Method.invoke(Method.java:580)
	at org.openqa.selenium.support.pagefactory.internal.LocatingElementHandler.invoke(LocatingElementHandler.java:51)
	at jdk.proxy2/jdk.proxy2.$Proxy28.sendKeys(Unknown Source)
	at pageObjects.NewCustomerPage.nameField1(NewCustomerPage.java:88)
	at stepDefinition.NewCustomer.user_enters_special_in_name_field(NewCustomer.java:65)
	at ✽.user enters special "name!@#" in NAME Field(file:///C:/Users/ajgom/IdeaProjects/CucumberBDD/src/test/java/features/newCustomer.feature:28)
</textarea>
				</li>
				<li test-id='31' class='gc then Skip' status='Skip'>
					<h6 class="step-name" title="stepDefinition.NewCustomer.an_error_message_special_characters_are_not_allowed_must_appear()"><span class='status skip' title='Skip'><i class='material-icons'>redo</i></span>Then An error message Special characters are not allowed must appear</h6>

							<div class="node-step">Step skipped</div>
				</li>
			</ul>
		</li>
		<li test-id='33' class='node scenario Fail' status='Fail'>
			<div class="step-name" title="()"><span class='status fail' title='Fail'><i class='material-icons'>cancel</i></span>NC3 Verify Name Field (Name cannot have special characters)</div>


			<ul class='gc steps'>
				<li test-id='35' class='gc given Pass' status='Pass'>
					<h6 class="step-name" title="stepDefinition.BackgroundSteps.user_should_be_on_demo_guru_site()"><span class='status pass' title='Pass'><i class='material-icons'>check_circle</i></span>Given user should be on demo Guru site</h6>

				</li>
				<li test-id='36' class='gc and Pass' status='Pass'>
					<h6 class="step-name" title="stepDefinition.NewCustomer.user_log_in_with_valid_username_and_password()"><span class='status pass' title='Pass'><i class='material-icons'>check_circle</i></span>And user log in with valid username and password</h6>

				</li>
				<li test-id='37' class='gc when Fail' status='Fail'>
					<h6 class="step-name" title="stepDefinition.NewCustomer.user_enters_special_in_name_field(java.lang.String)"><span class='status fail' title='Fail'><i class='material-icons'>cancel</i></span>When user enters special "!@#" in NAME Field</h6>

							<textarea disabled class="code-block">java.lang.IllegalArgumentException: Keys to send should be a not null CharSequence
	at org.openqa.selenium.remote.RemoteWebElement.sendKeys(RemoteWebElement.java:97)
	at java.base/jdk.internal.reflect.DirectMethodHandleAccessor.invoke(DirectMethodHandleAccessor.java:103)
	at java.base/java.lang.reflect.Method.invoke(Method.java:580)
	at org.openqa.selenium.support.pagefactory.internal.LocatingElementHandler.invoke(LocatingElementHandler.java:51)
	at jdk.proxy2/jdk.proxy2.$Proxy28.sendKeys(Unknown Source)
	at pageObjects.NewCustomerPage.nameField1(NewCustomerPage.java:88)
	at stepDefinition.NewCustomer.user_enters_special_in_name_field(NewCustomer.java:65)
	at ✽.user enters special "!@#" in NAME Field(file:///C:/Users/ajgom/IdeaProjects/CucumberBDD/src/test/java/features/newCustomer.feature:28)
</textarea>
				</li>
				<li test-id='38' class='gc then Skip' status='Skip'>
					<h6 class="step-name" title="stepDefinition.NewCustomer.an_error_message_special_characters_are_not_allowed_must_appear()"><span class='status skip' title='Skip'><i class='material-icons'>redo</i></span>Then An error message Special characters are not allowed must appear</h6>

							<div class="node-step">Step skipped</div>
				</li>
			</ul>
		</li>
	</ul>
</div>
<div class='scenario node' test-id='40' status='fail'>

	<span class='duration right label'>00 00 03.451</span>
	<div class="bdd-test">
		<div class="scenario-name"><span class='status fail' title='Fail'><i class='material-icons'>cancel</i></span> Scenario: NC4 Verify Name Field (Name cannot have first characters as blank space)</div>
	</div>
	
	
	
	<ul class='steps'>
		<li test-id='42' class='node given Pass' status='Pass'>
			<div class="step-name" title="(stepDefinition.BackgroundSteps.user_should_be_on_demo_guru_site())"><span class='status pass' title='Pass'><i class='material-icons'>check_circle</i></span>Given user should be on demo Guru site</div>


		</li>
		<li test-id='43' class='node and Pass' status='Pass'>
			<div class="step-name" title="(stepDefinition.NewCustomer.user_log_in_with_valid_username_and_password())"><span class='status pass' title='Pass'><i class='material-icons'>check_circle</i></span>And user log in with valid username and password</div>


		</li>
		<li test-id='44' class='node when Fail' status='Fail'>
			<div class="step-name" title="(stepDefinition.NewCustomer.user_enters_first_character_blank_space_in_name_field())"><span class='status fail' title='Fail'><i class='material-icons'>cancel</i></span>When user enters first character Blank Space in NAME Field</div>


					<textarea disabled class="code-block">org.openqa.selenium.NoAlertPresentException: no such alert
  (Session info: MicrosoftEdge=130.0.2849.68)
Build info: version: '4.10.0', revision: 'c14d967899'
System info: os.name: 'Windows 11', os.arch: 'amd64', os.version: '10.0', java.version: '21'
Driver info: org.openqa.selenium.edge.EdgeDriver
Command: [3aa6029b360f1a7acab4449ac5aff153, getAlertText {}]
Capabilities {acceptInsecureCerts: false, browserName: MicrosoftEdge, browserVersion: 130.0.2849.68, fedcm:accounts: true, ms:edgeOptions: {debuggerAddress: localhost:50480}, msedge: {msedgedriverVersion: 130.0.2849.56 (85245383cd01..., userDataDir: C:\Users\ajgom\AppData\Loca...}, networkConnectionEnabled: false, pageLoadStrategy: normal, platformName: windows, proxy: Proxy(), se:cdp: ws://localhost:50480/devtoo..., se:cdpVersion: 130.0.2849.68, setWindowRect: true, strictFileInteractability: false, timeouts: {implicit: 0, pageLoad: 300000, script: 30000}, unhandledPromptBehavior: dismiss and notify, webauthn:extension:credBlob: true, webauthn:extension:largeBlob: true, webauthn:extension:minPinLength: true, webauthn:extension:prf: true, webauthn:virtualAuthenticators: true}
Session ID: 3aa6029b360f1a7acab4449ac5aff153
	at java.base/jdk.internal.reflect.DirectConstructorHandleAccessor.newInstance(DirectConstructorHandleAccessor.java:62)
	at java.base/java.lang.reflect.Constructor.newInstanceWithCaller(Constructor.java:502)
	at java.base/java.lang.reflect.Constructor.newInstance(Constructor.java:486)
	at org.openqa.selenium.remote.codec.w3c.W3CHttpResponseCodec.createException(W3CHttpResponseCodec.java:199)
	at org.openqa.selenium.remote.codec.w3c.W3CHttpResponseCodec.decode(W3CHttpResponseCodec.java:132)
	at org.openqa.selenium.remote.codec.w3c.W3CHttpResponseCodec.decode(W3CHttpResponseCodec.java:51)
	at org.openqa.selenium.remote.HttpCommandExecutor.execute(HttpCommandExecutor.java:191)
	at org.openqa.selenium.remote.service.DriverCommandExecutor.invokeExecute(DriverCommandExecutor.java:196)
	at org.openqa.selenium.remote.service.DriverCommandExecutor.execute(DriverCommandExecutor.java:171)
	at org.openqa.selenium.remote.RemoteWebDriver.execute(RemoteWebDriver.java:531)
	at org.openqa.selenium.remote.RemoteWebDriver.execute(RemoteWebDriver.java:590)
	at org.openqa.selenium.remote.RemoteWebDriver.execute(RemoteWebDriver.java:594)
	at org.openqa.selenium.remote.RemoteWebDriver$RemoteTargetLocator.alert(RemoteWebDriver.java:1084)
	at pageObjects.NewCustomerPage.nameField2(NewCustomerPage.java:93)
	at stepDefinition.NewCustomer.user_enters_first_character_blank_space_in_name_field(NewCustomer.java:77)
	at ✽.user enters first character Blank Space in NAME Field(file:///C:/Users/ajgom/IdeaProjects/CucumberBDD/src/test/java/features/newCustomer.feature:40)
</textarea>
		</li>
		<li test-id='45' class='node then Skip' status='Skip'>
			<div class="step-name" title="(stepDefinition.NewCustomer.an_error_message_first_characters_cannot_be_space_must_appear_beside_name_field())"><span class='status skip' title='Skip'><i class='material-icons'>redo</i></span>Then An error message First characters cannot be space must appear beside Name field</div>


					<div class="node-step">Step skipped</div>
		</li>
	</ul>
</div>
<div class='scenario node' test-id='47' status='fail'>

	<span class='duration right label'>00 00 03.556</span>
	<div class="bdd-test">
		<div class="scenario-name"><span class='status fail' title='Fail'><i class='material-icons'>cancel</i></span> Scenario: NC5 Verify Address Field (Address can not be empty)</div>
	</div>
	
		<div class='node-desc'>  //do I have to create new method again</div>
	
	
	<ul class='steps'>
		<li test-id='49' class='node given Pass' status='Pass'>
			<div class="step-name" title="(stepDefinition.BackgroundSteps.user_should_be_on_demo_guru_site())"><span class='status pass' title='Pass'><i class='material-icons'>check_circle</i></span>Given user should be on demo Guru site</div>


		</li>
		<li test-id='50' class='node and Pass' status='Pass'>
			<div class="step-name" title="(stepDefinition.NewCustomer.user_log_in_with_valid_username_and_password())"><span class='status pass' title='Pass'><i class='material-icons'>check_circle</i></span>And user log in with valid username and password</div>


		</li>
		<li test-id='51' class='node when Fail' status='Fail'>
			<div class="step-name" title="(stepDefinition.NewCustomer.user_does_not_enter_a_value_in_address_field())"><span class='status fail' title='Fail'><i class='material-icons'>cancel</i></span>When user does not enter a value in ADDRESS Field</div>


					<textarea disabled class="code-block">org.openqa.selenium.NoAlertPresentException: no such alert
  (Session info: MicrosoftEdge=130.0.2849.68)
Build info: version: '4.10.0', revision: 'c14d967899'
System info: os.name: 'Windows 11', os.arch: 'amd64', os.version: '10.0', java.version: '21'
Driver info: org.openqa.selenium.edge.EdgeDriver
Command: [e5b508f10063aba838dcc3f3a8bac6ca, getAlertText {}]
Capabilities {acceptInsecureCerts: false, browserName: MicrosoftEdge, browserVersion: 130.0.2849.68, fedcm:accounts: true, ms:edgeOptions: {debuggerAddress: localhost:50513}, msedge: {msedgedriverVersion: 130.0.2849.56 (85245383cd01..., userDataDir: C:\Users\ajgom\AppData\Loca...}, networkConnectionEnabled: false, pageLoadStrategy: normal, platformName: windows, proxy: Proxy(), se:cdp: ws://localhost:50513/devtoo..., se:cdpVersion: 130.0.2849.68, setWindowRect: true, strictFileInteractability: false, timeouts: {implicit: 0, pageLoad: 300000, script: 30000}, unhandledPromptBehavior: dismiss and notify, webauthn:extension:credBlob: true, webauthn:extension:largeBlob: true, webauthn:extension:minPinLength: true, webauthn:extension:prf: true, webauthn:virtualAuthenticators: true}
Session ID: e5b508f10063aba838dcc3f3a8bac6ca
	at java.base/jdk.internal.reflect.DirectConstructorHandleAccessor.newInstance(DirectConstructorHandleAccessor.java:62)
	at java.base/java.lang.reflect.Constructor.newInstanceWithCaller(Constructor.java:502)
	at java.base/java.lang.reflect.Constructor.newInstance(Constructor.java:486)
	at org.openqa.selenium.remote.codec.w3c.W3CHttpResponseCodec.createException(W3CHttpResponseCodec.java:199)
	at org.openqa.selenium.remote.codec.w3c.W3CHttpResponseCodec.decode(W3CHttpResponseCodec.java:132)
	at org.openqa.selenium.remote.codec.w3c.W3CHttpResponseCodec.decode(W3CHttpResponseCodec.java:51)
	at org.openqa.selenium.remote.HttpCommandExecutor.execute(HttpCommandExecutor.java:191)
	at org.openqa.selenium.remote.service.DriverCommandExecutor.invokeExecute(DriverCommandExecutor.java:196)
	at org.openqa.selenium.remote.service.DriverCommandExecutor.execute(DriverCommandExecutor.java:171)
	at org.openqa.selenium.remote.RemoteWebDriver.execute(RemoteWebDriver.java:531)
	at org.openqa.selenium.remote.RemoteWebDriver.execute(RemoteWebDriver.java:590)
	at org.openqa.selenium.remote.RemoteWebDriver.execute(RemoteWebDriver.java:594)
	at org.openqa.selenium.remote.RemoteWebDriver$RemoteTargetLocator.alert(RemoteWebDriver.java:1084)
	at pageObjects.NewCustomerPage.addressField(NewCustomerPage.java:110)
	at stepDefinition.NewCustomer.user_does_not_enter_a_value_in_address_field(NewCustomer.java:88)
	at ✽.user does not enter a value in ADDRESS Field(file:///C:/Users/ajgom/IdeaProjects/CucumberBDD/src/test/java/features/newCustomer.feature:47)
</textarea>
		</li>
		<li test-id='52' class='node and Skip' status='Skip'>
			<div class="step-name" title="(stepDefinition.NewCustomer.user_press_tab_and_move_to_next_field())"><span class='status skip' title='Skip'><i class='material-icons'>redo</i></span>And user press TAB and move to next Field</div>


					<div class="node-step">Step skipped</div>
		</li>
		<li test-id='53' class='node then Skip' status='Skip'>
			<div class="step-name" title="(stepDefinition.NewCustomer.an_error_message_address_can_not_be_empty_must_appear())"><span class='status skip' title='Skip'><i class='material-icons'>redo</i></span>Then An error message Address can not be empty must appear</div>


					<div class="node-step">Step skipped</div>
		</li>
	</ul>
</div>
<div class='scenario node' test-id='55' status='fail'>

	<span class='duration right label'>00 00 03.436</span>
	<div class="bdd-test">
		<div class="scenario-name"><span class='status fail' title='Fail'><i class='material-icons'>cancel</i></span> Scenario: NC6 Verify Address Field (Address cannot have first characters as blank space)</div>
	</div>
	
	
	
	<ul class='steps'>
		<li test-id='57' class='node given Pass' status='Pass'>
			<div class="step-name" title="(stepDefinition.BackgroundSteps.user_should_be_on_demo_guru_site())"><span class='status pass' title='Pass'><i class='material-icons'>check_circle</i></span>Given user should be on demo Guru site</div>


		</li>
		<li test-id='58' class='node and Pass' status='Pass'>
			<div class="step-name" title="(stepDefinition.NewCustomer.user_log_in_with_valid_username_and_password())"><span class='status pass' title='Pass'><i class='material-icons'>check_circle</i></span>And user log in with valid username and password</div>


		</li>
		<li test-id='59' class='node when Fail' status='Fail'>
			<div class="step-name" title="(stepDefinition.NewCustomer.user_enters_first_character_blank_space_in_address_field())"><span class='status fail' title='Fail'><i class='material-icons'>cancel</i></span>When user enters first character Blank Space in ADDRESS Field</div>


					<textarea disabled class="code-block">org.openqa.selenium.NoAlertPresentException: no such alert
  (Session info: MicrosoftEdge=130.0.2849.68)
Build info: version: '4.10.0', revision: 'c14d967899'
System info: os.name: 'Windows 11', os.arch: 'amd64', os.version: '10.0', java.version: '21'
Driver info: org.openqa.selenium.edge.EdgeDriver
Command: [c50faf6b07dde9e245a8ee6e74fa0244, getAlertText {}]
Capabilities {acceptInsecureCerts: false, browserName: MicrosoftEdge, browserVersion: 130.0.2849.68, fedcm:accounts: true, ms:edgeOptions: {debuggerAddress: localhost:50545}, msedge: {msedgedriverVersion: 130.0.2849.56 (85245383cd01..., userDataDir: C:\Users\ajgom\AppData\Loca...}, networkConnectionEnabled: false, pageLoadStrategy: normal, platformName: windows, proxy: Proxy(), se:cdp: ws://localhost:50545/devtoo..., se:cdpVersion: 130.0.2849.68, setWindowRect: true, strictFileInteractability: false, timeouts: {implicit: 0, pageLoad: 300000, script: 30000}, unhandledPromptBehavior: dismiss and notify, webauthn:extension:credBlob: true, webauthn:extension:largeBlob: true, webauthn:extension:minPinLength: true, webauthn:extension:prf: true, webauthn:virtualAuthenticators: true}
Session ID: c50faf6b07dde9e245a8ee6e74fa0244
	at java.base/jdk.internal.reflect.DirectConstructorHandleAccessor.newInstance(DirectConstructorHandleAccessor.java:62)
	at java.base/java.lang.reflect.Constructor.newInstanceWithCaller(Constructor.java:502)
	at java.base/java.lang.reflect.Constructor.newInstance(Constructor.java:486)
	at org.openqa.selenium.remote.codec.w3c.W3CHttpResponseCodec.createException(W3CHttpResponseCodec.java:199)
	at org.openqa.selenium.remote.codec.w3c.W3CHttpResponseCodec.decode(W3CHttpResponseCodec.java:132)
	at org.openqa.selenium.remote.codec.w3c.W3CHttpResponseCodec.decode(W3CHttpResponseCodec.java:51)
	at org.openqa.selenium.remote.HttpCommandExecutor.execute(HttpCommandExecutor.java:191)
	at org.openqa.selenium.remote.service.DriverCommandExecutor.invokeExecute(DriverCommandExecutor.java:196)
	at org.openqa.selenium.remote.service.DriverCommandExecutor.execute(DriverCommandExecutor.java:171)
	at org.openqa.selenium.remote.RemoteWebDriver.execute(RemoteWebDriver.java:531)
	at org.openqa.selenium.remote.RemoteWebDriver.execute(RemoteWebDriver.java:590)
	at org.openqa.selenium.remote.RemoteWebDriver.execute(RemoteWebDriver.java:594)
	at org.openqa.selenium.remote.RemoteWebDriver$RemoteTargetLocator.alert(RemoteWebDriver.java:1084)
	at pageObjects.NewCustomerPage.addressField(NewCustomerPage.java:110)
	at stepDefinition.NewCustomer.user_enters_first_character_blank_space_in_address_field(NewCustomer.java:99)
	at ✽.user enters first character Blank Space in ADDRESS Field(file:///C:/Users/ajgom/IdeaProjects/CucumberBDD/src/test/java/features/newCustomer.feature:53)
</textarea>
		</li>
		<li test-id='60' class='node then Skip' status='Skip'>
			<div class="step-name" title="(stepDefinition.NewCustomer.an_error_message_first_characters_cannot_be_space_must_appear_beside_address_field())"><span class='status skip' title='Skip'><i class='material-icons'>redo</i></span>Then An error message First characters cannot be space must appear beside Address field</div>


					<div class="node-step">Step skipped</div>
		</li>
	</ul>
</div>
<div class='scenario node' test-id='62' status='fail'>

	<span class='duration right label'>00 00 03.772</span>
	<div class="bdd-test">
		<div class="scenario-name"><span class='status fail' title='Fail'><i class='material-icons'>cancel</i></span> Scenario: NC8 Verify City Field (City cannot be empty)</div>
	</div>
	
	
	
	<ul class='steps'>
		<li test-id='64' class='node given Pass' status='Pass'>
			<div class="step-name" title="(stepDefinition.BackgroundSteps.user_should_be_on_demo_guru_site())"><span class='status pass' title='Pass'><i class='material-icons'>check_circle</i></span>Given user should be on demo Guru site</div>


		</li>
		<li test-id='65' class='node and Pass' status='Pass'>
			<div class="step-name" title="(stepDefinition.NewCustomer.user_log_in_with_valid_username_and_password())"><span class='status pass' title='Pass'><i class='material-icons'>check_circle</i></span>And user log in with valid username and password</div>


		</li>
		<li test-id='66' class='node when Fail' status='Fail'>
			<div class="step-name" title="(stepDefinition.NewCustomer.user_does_not_enter_a_value_in_city_field())"><span class='status fail' title='Fail'><i class='material-icons'>cancel</i></span>When user does not enter a value in CITY Field</div>


					<textarea disabled class="code-block">org.openqa.selenium.NoAlertPresentException: no such alert
  (Session info: MicrosoftEdge=130.0.2849.68)
Build info: version: '4.10.0', revision: 'c14d967899'
System info: os.name: 'Windows 11', os.arch: 'amd64', os.version: '10.0', java.version: '21'
Driver info: org.openqa.selenium.edge.EdgeDriver
Command: [d9ae9ff96859254a3f7422995c3ad4bc, getAlertText {}]
Capabilities {acceptInsecureCerts: false, browserName: MicrosoftEdge, browserVersion: 130.0.2849.68, fedcm:accounts: true, ms:edgeOptions: {debuggerAddress: localhost:50578}, msedge: {msedgedriverVersion: 130.0.2849.56 (85245383cd01..., userDataDir: C:\Users\ajgom\AppData\Loca...}, networkConnectionEnabled: false, pageLoadStrategy: normal, platformName: windows, proxy: Proxy(), se:cdp: ws://localhost:50578/devtoo..., se:cdpVersion: 130.0.2849.68, setWindowRect: true, strictFileInteractability: false, timeouts: {implicit: 0, pageLoad: 300000, script: 30000}, unhandledPromptBehavior: dismiss and notify, webauthn:extension:credBlob: true, webauthn:extension:largeBlob: true, webauthn:extension:minPinLength: true, webauthn:extension:prf: true, webauthn:virtualAuthenticators: true}
Session ID: d9ae9ff96859254a3f7422995c3ad4bc
	at java.base/jdk.internal.reflect.DirectConstructorHandleAccessor.newInstance(DirectConstructorHandleAccessor.java:62)
	at java.base/java.lang.reflect.Constructor.newInstanceWithCaller(Constructor.java:502)
	at java.base/java.lang.reflect.Constructor.newInstance(Constructor.java:486)
	at org.openqa.selenium.remote.codec.w3c.W3CHttpResponseCodec.createException(W3CHttpResponseCodec.java:199)
	at org.openqa.selenium.remote.codec.w3c.W3CHttpResponseCodec.decode(W3CHttpResponseCodec.java:132)
	at org.openqa.selenium.remote.codec.w3c.W3CHttpResponseCodec.decode(W3CHttpResponseCodec.java:51)
	at org.openqa.selenium.remote.HttpCommandExecutor.execute(HttpCommandExecutor.java:191)
	at org.openqa.selenium.remote.service.DriverCommandExecutor.invokeExecute(DriverCommandExecutor.java:196)
	at org.openqa.selenium.remote.service.DriverCommandExecutor.execute(DriverCommandExecutor.java:171)
	at org.openqa.selenium.remote.RemoteWebDriver.execute(RemoteWebDriver.java:531)
	at org.openqa.selenium.remote.RemoteWebDriver.execute(RemoteWebDriver.java:590)
	at org.openqa.selenium.remote.RemoteWebDriver.execute(RemoteWebDriver.java:594)
	at org.openqa.selenium.remote.RemoteWebDriver$RemoteTargetLocator.alert(RemoteWebDriver.java:1084)
	at pageObjects.NewCustomerPage.cityField(NewCustomerPage.java:140)
	at stepDefinition.NewCustomer.user_does_not_enter_a_value_in_city_field(NewCustomer.java:110)
	at ✽.user does not enter a value in CITY Field(file:///C:/Users/ajgom/IdeaProjects/CucumberBDD/src/test/java/features/newCustomer.feature:58)
</textarea>
		</li>
		<li test-id='67' class='node and Skip' status='Skip'>
			<div class="step-name" title="(stepDefinition.NewCustomer.user_press_tab_and_move_to_next_field())"><span class='status skip' title='Skip'><i class='material-icons'>redo</i></span>And user press TAB and move to next Field</div>


					<div class="node-step">Step skipped</div>
		</li>
		<li test-id='68' class='node then Skip' status='Skip'>
			<div class="step-name" title="(stepDefinition.NewCustomer.an_error_message_city_must_not_be_blank_must_appear())"><span class='status skip' title='Skip'><i class='material-icons'>redo</i></span>Then An error message City must not be blank must appear</div>


					<div class="node-step">Step skipped</div>
		</li>
	</ul>
</div>
<div class='scenario outline node' test-id='70' status='fail'>

	<span class='duration right label'>00 00 06.902</span>
	<div class="bdd-test">
		<div class="scenario-name"><span class='status fail' title='Fail'><i class='material-icons'>cancel</i></span> Scenario Outline: NC9 Verify City Field (City cannot be numeric)</div>
	</div>
	
		<div class='node-desc'><br><br><table class='markup-table table '><tr><td>value</td></tr><tr><td>"1234"</td></tr><tr><td>"city123"</td></tr></table></div>
	
	
	<ul class='steps'>
		<li test-id='71' class='node scenario Fail' status='Fail'>
			<div class="step-name" title="()"><span class='status fail' title='Fail'><i class='material-icons'>cancel</i></span>NC9 Verify City Field (City cannot be numeric)</div>


			<ul class='gc steps'>
				<li test-id='73' class='gc given Pass' status='Pass'>
					<h6 class="step-name" title="stepDefinition.BackgroundSteps.user_should_be_on_demo_guru_site()"><span class='status pass' title='Pass'><i class='material-icons'>check_circle</i></span>Given user should be on demo Guru site</h6>

				</li>
				<li test-id='74' class='gc and Pass' status='Pass'>
					<h6 class="step-name" title="stepDefinition.NewCustomer.user_log_in_with_valid_username_and_password()"><span class='status pass' title='Pass'><i class='material-icons'>check_circle</i></span>And user log in with valid username and password</h6>

				</li>
				<li test-id='75' class='gc when Fail' status='Fail'>
					<h6 class="step-name" title="stepDefinition.NewCustomer.user_enters_numeric_in_city_field(java.lang.String)"><span class='status fail' title='Fail'><i class='material-icons'>cancel</i></span>When user enters numeric "1234" in CITY Field</h6>

							<textarea disabled class="code-block">java.lang.IllegalArgumentException: Keys to send should be a not null CharSequence
	at org.openqa.selenium.remote.RemoteWebElement.sendKeys(RemoteWebElement.java:97)
	at java.base/jdk.internal.reflect.DirectMethodHandleAccessor.invoke(DirectMethodHandleAccessor.java:103)
	at java.base/java.lang.reflect.Method.invoke(Method.java:580)
	at org.openqa.selenium.support.pagefactory.internal.LocatingElementHandler.invoke(LocatingElementHandler.java:51)
	at jdk.proxy2/jdk.proxy2.$Proxy28.sendKeys(Unknown Source)
	at pageObjects.NewCustomerPage.cityField1(NewCustomerPage.java:153)
	at stepDefinition.NewCustomer.user_enters_numeric_in_city_field(NewCustomer.java:122)
	at ✽.user enters numeric "1234" in CITY Field(file:///C:/Users/ajgom/IdeaProjects/CucumberBDD/src/test/java/features/newCustomer.feature:64)
</textarea>
				</li>
				<li test-id='76' class='gc then Skip' status='Skip'>
					<h6 class="step-name" title="stepDefinition.NewCustomer.an_error_message_numbers_are_not_allowed_must_appear_beside_city_field()"><span class='status skip' title='Skip'><i class='material-icons'>redo</i></span>Then An error message Numbers are not allowed must appear beside City field</h6>

							<div class="node-step">Step skipped</div>
				</li>
			</ul>
		</li>
		<li test-id='78' class='node scenario Fail' status='Fail'>
			<div class="step-name" title="()"><span class='status fail' title='Fail'><i class='material-icons'>cancel</i></span>NC9 Verify City Field (City cannot be numeric)</div>


			<ul class='gc steps'>
				<li test-id='80' class='gc given Pass' status='Pass'>
					<h6 class="step-name" title="stepDefinition.BackgroundSteps.user_should_be_on_demo_guru_site()"><span class='status pass' title='Pass'><i class='material-icons'>check_circle</i></span>Given user should be on demo Guru site</h6>

				</li>
				<li test-id='81' class='gc and Pass' status='Pass'>
					<h6 class="step-name" title="stepDefinition.NewCustomer.user_log_in_with_valid_username_and_password()"><span class='status pass' title='Pass'><i class='material-icons'>check_circle</i></span>And user log in with valid username and password</h6>

				</li>
				<li test-id='82' class='gc when Fail' status='Fail'>
					<h6 class="step-name" title="stepDefinition.NewCustomer.user_enters_numeric_in_city_field(java.lang.String)"><span class='status fail' title='Fail'><i class='material-icons'>cancel</i></span>When user enters numeric "city123" in CITY Field</h6>

							<textarea disabled class="code-block">java.lang.IllegalArgumentException: Keys to send should be a not null CharSequence
	at org.openqa.selenium.remote.RemoteWebElement.sendKeys(RemoteWebElement.java:97)
	at java.base/jdk.internal.reflect.DirectMethodHandleAccessor.invoke(DirectMethodHandleAccessor.java:103)
	at java.base/java.lang.reflect.Method.invoke(Method.java:580)
	at org.openqa.selenium.support.pagefactory.internal.LocatingElementHandler.invoke(LocatingElementHandler.java:51)
	at jdk.proxy2/jdk.proxy2.$Proxy28.sendKeys(Unknown Source)
	at pageObjects.NewCustomerPage.cityField1(NewCustomerPage.java:153)
	at stepDefinition.NewCustomer.user_enters_numeric_in_city_field(NewCustomer.java:122)
	at ✽.user enters numeric "city123" in CITY Field(file:///C:/Users/ajgom/IdeaProjects/CucumberBDD/src/test/java/features/newCustomer.feature:64)
</textarea>
				</li>
				<li test-id='83' class='gc then Skip' status='Skip'>
					<h6 class="step-name" title="stepDefinition.NewCustomer.an_error_message_numbers_are_not_allowed_must_appear_beside_city_field()"><span class='status skip' title='Skip'><i class='material-icons'>redo</i></span>Then An error message Numbers are not allowed must appear beside City field</h6>

							<div class="node-step">Step skipped</div>
				</li>
			</ul>
		</li>
	</ul>
</div>
<div class='scenario outline node' test-id='85' status='fail'>

	<span class='duration right label'>00 00 07.190</span>
	<div class="bdd-test">
		<div class="scenario-name"><span class='status fail' title='Fail'><i class='material-icons'>cancel</i></span> Scenario Outline: NC10 Verify City Field (City cannot have special characters)</div>
	</div>
	
		<div class='node-desc'><br><br><table class='markup-table table '><tr><td>characters</td></tr><tr><td>"City!@#"</td></tr><tr><td>"!@#"</td></tr></table></div>
	
	
	<ul class='steps'>
		<li test-id='86' class='node scenario Fail' status='Fail'>
			<div class="step-name" title="()"><span class='status fail' title='Fail'><i class='material-icons'>cancel</i></span>NC10 Verify City Field (City cannot have special characters)</div>


			<ul class='gc steps'>
				<li test-id='88' class='gc given Pass' status='Pass'>
					<h6 class="step-name" title="stepDefinition.BackgroundSteps.user_should_be_on_demo_guru_site()"><span class='status pass' title='Pass'><i class='material-icons'>check_circle</i></span>Given user should be on demo Guru site</h6>

				</li>
				<li test-id='89' class='gc and Pass' status='Pass'>
					<h6 class="step-name" title="stepDefinition.NewCustomer.user_log_in_with_valid_username_and_password()"><span class='status pass' title='Pass'><i class='material-icons'>check_circle</i></span>And user log in with valid username and password</h6>

				</li>
				<li test-id='90' class='gc when Fail' status='Fail'>
					<h6 class="step-name" title="stepDefinition.NewCustomer.user_enters_special_in_city_field(java.lang.String)"><span class='status fail' title='Fail'><i class='material-icons'>cancel</i></span>When user enters special "City!@#" in CITY Field</h6>

							<textarea disabled class="code-block">java.lang.IllegalArgumentException: Keys to send should be a not null CharSequence
	at org.openqa.selenium.remote.RemoteWebElement.sendKeys(RemoteWebElement.java:97)
	at java.base/jdk.internal.reflect.DirectMethodHandleAccessor.invoke(DirectMethodHandleAccessor.java:103)
	at java.base/java.lang.reflect.Method.invoke(Method.java:580)
	at org.openqa.selenium.support.pagefactory.internal.LocatingElementHandler.invoke(LocatingElementHandler.java:51)
	at jdk.proxy2/jdk.proxy2.$Proxy28.sendKeys(Unknown Source)
	at pageObjects.NewCustomerPage.cityField2(NewCustomerPage.java:158)
	at stepDefinition.NewCustomer.user_enters_special_in_city_field(NewCustomer.java:134)
	at ✽.user enters special "City!@#" in CITY Field(file:///C:/Users/ajgom/IdeaProjects/CucumberBDD/src/test/java/features/newCustomer.feature:76)
</textarea>
				</li>
				<li test-id='91' class='gc then Skip' status='Skip'>
					<h6 class="step-name" title="stepDefinition.NewCustomer.an_error_message_special_characters_are_not_allowed_must_appear_for_city_field()"><span class='status skip' title='Skip'><i class='material-icons'>redo</i></span>Then An error message Special characters are not allowed must appear for City Field</h6>

							<div class="node-step">Step skipped</div>
				</li>
			</ul>
		</li>
		<li test-id='93' class='node scenario Fail' status='Fail'>
			<div class="step-name" title="()"><span class='status fail' title='Fail'><i class='material-icons'>cancel</i></span>NC10 Verify City Field (City cannot have special characters)</div>


			<ul class='gc steps'>
				<li test-id='95' class='gc given Pass' status='Pass'>
					<h6 class="step-name" title="stepDefinition.BackgroundSteps.user_should_be_on_demo_guru_site()"><span class='status pass' title='Pass'><i class='material-icons'>check_circle</i></span>Given user should be on demo Guru site</h6>

				</li>
				<li test-id='96' class='gc and Pass' status='Pass'>
					<h6 class="step-name" title="stepDefinition.NewCustomer.user_log_in_with_valid_username_and_password()"><span class='status pass' title='Pass'><i class='material-icons'>check_circle</i></span>And user log in with valid username and password</h6>

				</li>
				<li test-id='97' class='gc when Fail' status='Fail'>
					<h6 class="step-name" title="stepDefinition.NewCustomer.user_enters_special_in_city_field(java.lang.String)"><span class='status fail' title='Fail'><i class='material-icons'>cancel</i></span>When user enters special "!@#" in CITY Field</h6>

							<textarea disabled class="code-block">java.lang.IllegalArgumentException: Keys to send should be a not null CharSequence
	at org.openqa.selenium.remote.RemoteWebElement.sendKeys(RemoteWebElement.java:97)
	at java.base/jdk.internal.reflect.DirectMethodHandleAccessor.invoke(DirectMethodHandleAccessor.java:103)
	at java.base/java.lang.reflect.Method.invoke(Method.java:580)
	at org.openqa.selenium.support.pagefactory.internal.LocatingElementHandler.invoke(LocatingElementHandler.java:51)
	at jdk.proxy2/jdk.proxy2.$Proxy28.sendKeys(Unknown Source)
	at pageObjects.NewCustomerPage.cityField2(NewCustomerPage.java:158)
	at stepDefinition.NewCustomer.user_enters_special_in_city_field(NewCustomer.java:134)
	at ✽.user enters special "!@#" in CITY Field(file:///C:/Users/ajgom/IdeaProjects/CucumberBDD/src/test/java/features/newCustomer.feature:76)
</textarea>
				</li>
				<li test-id='98' class='gc then Skip' status='Skip'>
					<h6 class="step-name" title="stepDefinition.NewCustomer.an_error_message_special_characters_are_not_allowed_must_appear_for_city_field()"><span class='status skip' title='Skip'><i class='material-icons'>redo</i></span>Then An error message Special characters are not allowed must appear for City Field</h6>

							<div class="node-step">Step skipped</div>
				</li>
			</ul>
		</li>
	</ul>
</div>
<div class='scenario node' test-id='100' status='fail'>

	<span class='duration right label'>00 00 03.748</span>
	<div class="bdd-test">
		<div class="scenario-name"><span class='status fail' title='Fail'><i class='material-icons'>cancel</i></span> Scenario: NC11 Verify City Field (City cannot have first characters as blank space)</div>
	</div>
	
	
	
	<ul class='steps'>
		<li test-id='102' class='node given Pass' status='Pass'>
			<div class="step-name" title="(stepDefinition.BackgroundSteps.user_should_be_on_demo_guru_site())"><span class='status pass' title='Pass'><i class='material-icons'>check_circle</i></span>Given user should be on demo Guru site</div>


		</li>
		<li test-id='103' class='node and Pass' status='Pass'>
			<div class="step-name" title="(stepDefinition.NewCustomer.user_log_in_with_valid_username_and_password())"><span class='status pass' title='Pass'><i class='material-icons'>check_circle</i></span>And user log in with valid username and password</div>


		</li>
		<li test-id='104' class='node when Fail' status='Fail'>
			<div class="step-name" title="(stepDefinition.NewCustomer.user_enters_first_character_blank_space_in_city_field())"><span class='status fail' title='Fail'><i class='material-icons'>cancel</i></span>When user enters first character Blank Space in CITY Field</div>


					<textarea disabled class="code-block">org.openqa.selenium.NoAlertPresentException: no such alert
  (Session info: MicrosoftEdge=130.0.2849.68)
Build info: version: '4.10.0', revision: 'c14d967899'
System info: os.name: 'Windows 11', os.arch: 'amd64', os.version: '10.0', java.version: '21'
Driver info: org.openqa.selenium.edge.EdgeDriver
Command: [0a558c568efc31d12e7f536194c1bdfc, getAlertText {}]
Capabilities {acceptInsecureCerts: false, browserName: MicrosoftEdge, browserVersion: 130.0.2849.68, fedcm:accounts: true, ms:edgeOptions: {debuggerAddress: localhost:50736}, msedge: {msedgedriverVersion: 130.0.2849.56 (85245383cd01..., userDataDir: C:\Users\ajgom\AppData\Loca...}, networkConnectionEnabled: false, pageLoadStrategy: normal, platformName: windows, proxy: Proxy(), se:cdp: ws://localhost:50736/devtoo..., se:cdpVersion: 130.0.2849.68, setWindowRect: true, strictFileInteractability: false, timeouts: {implicit: 0, pageLoad: 300000, script: 30000}, unhandledPromptBehavior: dismiss and notify, webauthn:extension:credBlob: true, webauthn:extension:largeBlob: true, webauthn:extension:minPinLength: true, webauthn:extension:prf: true, webauthn:virtualAuthenticators: true}
Session ID: 0a558c568efc31d12e7f536194c1bdfc
	at java.base/jdk.internal.reflect.DirectConstructorHandleAccessor.newInstance(DirectConstructorHandleAccessor.java:62)
	at java.base/java.lang.reflect.Constructor.newInstanceWithCaller(Constructor.java:502)
	at java.base/java.lang.reflect.Constructor.newInstance(Constructor.java:486)
	at org.openqa.selenium.remote.codec.w3c.W3CHttpResponseCodec.createException(W3CHttpResponseCodec.java:199)
	at org.openqa.selenium.remote.codec.w3c.W3CHttpResponseCodec.decode(W3CHttpResponseCodec.java:132)
	at org.openqa.selenium.remote.codec.w3c.W3CHttpResponseCodec.decode(W3CHttpResponseCodec.java:51)
	at org.openqa.selenium.remote.HttpCommandExecutor.execute(HttpCommandExecutor.java:191)
	at org.openqa.selenium.remote.service.DriverCommandExecutor.invokeExecute(DriverCommandExecutor.java:196)
	at org.openqa.selenium.remote.service.DriverCommandExecutor.execute(DriverCommandExecutor.java:171)
	at org.openqa.selenium.remote.RemoteWebDriver.execute(RemoteWebDriver.java:531)
	at org.openqa.selenium.remote.RemoteWebDriver.execute(RemoteWebDriver.java:590)
	at org.openqa.selenium.remote.RemoteWebDriver.execute(RemoteWebDriver.java:594)
	at org.openqa.selenium.remote.RemoteWebDriver$RemoteTargetLocator.alert(RemoteWebDriver.java:1084)
	at pageObjects.NewCustomerPage.cityField3(NewCustomerPage.java:163)
	at stepDefinition.NewCustomer.user_enters_first_character_blank_space_in_city_field(NewCustomer.java:147)
	at ✽.user enters first character Blank Space in CITY Field(file:///C:/Users/ajgom/IdeaProjects/CucumberBDD/src/test/java/features/newCustomer.feature:88)
</textarea>
		</li>
		<li test-id='105' class='node then Skip' status='Skip'>
			<div class="step-name" title="(stepDefinition.NewCustomer.an_error_message_first_characters_cannot_be_space_must_appear_beside_city_field())"><span class='status skip' title='Skip'><i class='material-icons'>redo</i></span>Then An error message First characters cannot be space must appear beside City field</div>


					<div class="node-step">Step skipped</div>
		</li>
	</ul>
</div>
					</div>
				</li>
			</ul>
		</div>
	</div>
	
	
	<!-- subview left -->
	<div class='subview-right left'>
		<div class='view-summary'>
			<div id='step-filters' class="right sr-filters">
				<a class="btn-floating waves-effect waves-light green" status="pass" alt="pass" title="pass"><i class="material-icons">check_circle</i></a>
				<a class="btn-floating waves-effect waves-light red" status="fail" alt="fail" title="fail"><i class="material-icons">cancel</i></a>
				<a class="btn-floating waves-effect waves-light red darken-4" status="fatal" alt="fatal" title="fatal"><i class="material-icons">cancel</i></a>
				<a class="btn-floating waves-effect waves-light pink text-lighten-1" status="error" alt="error" title="error"><i class="material-icons">error</i></a>
				<a class="btn-floating waves-effect waves-light orange" alt="warning" status="warning" title="warning"><i class="material-icons">warning</i></a>
				<a class="btn-floating waves-effect waves-light teal" status="skip" alt="skip" title="skip"><i class="material-icons">redo</i></a>
				<a class="btn-floating waves-effect waves-light grey" status="clear" alt="Clear filters" title="Clear filters"><i class="material-icons">clear</i></a>
			</div>
			<h5 class='test-name'></h5>
		</div>
	</div>
	<!-- subview right -->
</div>
<!-- test view --><div id='exception-view' class='view hide'>
	<section id='controls'>
		<div class='controls grey lighten-4'>
			<!-- search -->
			<div class='chip transparent' alt='Search Tests' title='Search Tests'>
				<a href="#" class='search-div'>
				<i class='material-icons'>search</i> Search
				</a>
				<div class='input-field left hide'>
					<input id='search-tests' type='text' class='validate browser-default' placeholder='Search Tests...'>
				</div>
			</div>
			<!-- search -->
		</div>
	</section>
	<div class='subview-left left'>
		<div class='view-summary'>
			<ul id='exception-collection' class='exception-collection'>
				<li class='exception displayed active'>
					<div class='exception-heading'>
						<span class='exception-name'>org.openqa.selenium.NoAlertPresentException</span>
						<span class='exception-count right'><span class='label red lighten-1 white-text'>6</span></span>
					</div>
					<div class='exception-content hide'>
						<div class='exception-tests'>
							<table class='bordered table-results'>
								<thead>
									<tr>
										<th>Timestamp</th>
										<th>TestName</th>
										<th>StackTrace</th>
									</tr>
								</thead>
								<tbody>
									<tr>
										<td>Nov 9, 2024 06:55:41 PM</td>
										<td class='linked' test-id='6'>When user does not enter a value in NAME Field</td>
										<td>
											<textarea disabled class="code-block">org.openqa.selenium.NoAlertPresentException: no such alert
  (Session info: MicrosoftEdge=130.0.2849.68)
Build info: version: '4.10.0', revision: 'c14d967899'
System info: os.name: 'Windows 11', os.arch: 'amd64', os.version: '10.0', java.version: '21'
Driver info: org.openqa.selenium.edge.EdgeDriver
Command: [8f7be0ab48d95bf1bad738d8e3c856da, getAlertText {}]
Capabilities {acceptInsecureCerts: false, browserName: MicrosoftEdge, browserVersion: 130.0.2849.68, fedcm:accounts: true, ms:edgeOptions: {debuggerAddress: localhost:50324}, msedge: {msedgedriverVersion: 130.0.2849.56 (85245383cd01..., userDataDir: C:\Users\ajgom\AppData\Loca...}, networkConnectionEnabled: false, pageLoadStrategy: normal, platformName: windows, proxy: Proxy(), se:cdp: ws://localhost:50324/devtoo..., se:cdpVersion: 130.0.2849.68, setWindowRect: true, strictFileInteractability: false, timeouts: {implicit: 0, pageLoad: 300000, script: 30000}, unhandledPromptBehavior: dismiss and notify, webauthn:extension:credBlob: true, webauthn:extension:largeBlob: true, webauthn:extension:minPinLength: true, webauthn:extension:prf: true, webauthn:virtualAuthenticators: true}
Session ID: 8f7be0ab48d95bf1bad738d8e3c856da
	at java.base/jdk.internal.reflect.DirectConstructorHandleAccessor.newInstance(DirectConstructorHandleAccessor.java:62)
	at java.base/java.lang.reflect.Constructor.newInstanceWithCaller(Constructor.java:502)
	at java.base/java.lang.reflect.Constructor.newInstance(Constructor.java:486)
	at org.openqa.selenium.remote.codec.w3c.W3CHttpResponseCodec.createException(W3CHttpResponseCodec.java:199)
	at org.openqa.selenium.remote.codec.w3c.W3CHttpResponseCodec.decode(W3CHttpResponseCodec.java:132)
	at org.openqa.selenium.remote.codec.w3c.W3CHttpResponseCodec.decode(W3CHttpResponseCodec.java:51)
	at org.openqa.selenium.remote.HttpCommandExecutor.execute(HttpCommandExecutor.java:191)
	at org.openqa.selenium.remote.service.DriverCommandExecutor.invokeExecute(DriverCommandExecutor.java:196)
	at org.openqa.selenium.remote.service.DriverCommandExecutor.execute(DriverCommandExecutor.java:171)
	at org.openqa.selenium.remote.RemoteWebDriver.execute(RemoteWebDriver.java:531)
	at org.openqa.selenium.remote.RemoteWebDriver.execute(RemoteWebDriver.java:590)
	at org.openqa.selenium.remote.RemoteWebDriver.execute(RemoteWebDriver.java:594)
	at org.openqa.selenium.remote.RemoteWebDriver$RemoteTargetLocator.alert(RemoteWebDriver.java:1084)
	at pageObjects.NewCustomerPage.newCustomerName(NewCustomerPage.java:70)
	at stepDefinition.NewCustomer.user_does_not_enter_a_value_in_name_field(NewCustomer.java:33)
	at ✽.user does not enter a value in NAME Field(file:///C:/Users/ajgom/IdeaProjects/CucumberBDD/src/test/java/features/newCustomer.feature:10)
</textarea>
										</td>
									</tr>
									<tr>
										<td>Nov 9, 2024 06:55:59 PM</td>
										<td class='linked' test-id='44'>When user enters first character Blank Space in NAME Field</td>
										<td>
											<textarea disabled class="code-block">org.openqa.selenium.NoAlertPresentException: no such alert
  (Session info: MicrosoftEdge=130.0.2849.68)
Build info: version: '4.10.0', revision: 'c14d967899'
System info: os.name: 'Windows 11', os.arch: 'amd64', os.version: '10.0', java.version: '21'
Driver info: org.openqa.selenium.edge.EdgeDriver
Command: [8f7be0ab48d95bf1bad738d8e3c856da, getAlertText {}]
Capabilities {acceptInsecureCerts: false, browserName: MicrosoftEdge, browserVersion: 130.0.2849.68, fedcm:accounts: true, ms:edgeOptions: {debuggerAddress: localhost:50324}, msedge: {msedgedriverVersion: 130.0.2849.56 (85245383cd01..., userDataDir: C:\Users\ajgom\AppData\Loca...}, networkConnectionEnabled: false, pageLoadStrategy: normal, platformName: windows, proxy: Proxy(), se:cdp: ws://localhost:50324/devtoo..., se:cdpVersion: 130.0.2849.68, setWindowRect: true, strictFileInteractability: false, timeouts: {implicit: 0, pageLoad: 300000, script: 30000}, unhandledPromptBehavior: dismiss and notify, webauthn:extension:credBlob: true, webauthn:extension:largeBlob: true, webauthn:extension:minPinLength: true, webauthn:extension:prf: true, webauthn:virtualAuthenticators: true}
Session ID: 8f7be0ab48d95bf1bad738d8e3c856da
	at java.base/jdk.internal.reflect.DirectConstructorHandleAccessor.newInstance(DirectConstructorHandleAccessor.java:62)
	at java.base/java.lang.reflect.Constructor.newInstanceWithCaller(Constructor.java:502)
	at java.base/java.lang.reflect.Constructor.newInstance(Constructor.java:486)
	at org.openqa.selenium.remote.codec.w3c.W3CHttpResponseCodec.createException(W3CHttpResponseCodec.java:199)
	at org.openqa.selenium.remote.codec.w3c.W3CHttpResponseCodec.decode(W3CHttpResponseCodec.java:132)
	at org.openqa.selenium.remote.codec.w3c.W3CHttpResponseCodec.decode(W3CHttpResponseCodec.java:51)
	at org.openqa.selenium.remote.HttpCommandExecutor.execute(HttpCommandExecutor.java:191)
	at org.openqa.selenium.remote.service.DriverCommandExecutor.invokeExecute(DriverCommandExecutor.java:196)
	at org.openqa.selenium.remote.service.DriverCommandExecutor.execute(DriverCommandExecutor.java:171)
	at org.openqa.selenium.remote.RemoteWebDriver.execute(RemoteWebDriver.java:531)
	at org.openqa.selenium.remote.RemoteWebDriver.execute(RemoteWebDriver.java:590)
	at org.openqa.selenium.remote.RemoteWebDriver.execute(RemoteWebDriver.java:594)
	at org.openqa.selenium.remote.RemoteWebDriver$RemoteTargetLocator.alert(RemoteWebDriver.java:1084)
	at pageObjects.NewCustomerPage.newCustomerName(NewCustomerPage.java:70)
	at stepDefinition.NewCustomer.user_does_not_enter_a_value_in_name_field(NewCustomer.java:33)
	at ✽.user does not enter a value in NAME Field(file:///C:/Users/ajgom/IdeaProjects/CucumberBDD/src/test/java/features/newCustomer.feature:10)
</textarea>
										</td>
									</tr>
									<tr>
										<td>Nov 9, 2024 06:56:03 PM</td>
										<td class='linked' test-id='51'>When user does not enter a value in ADDRESS Field</td>
										<td>
											<textarea disabled class="code-block">org.openqa.selenium.NoAlertPresentException: no such alert
  (Session info: MicrosoftEdge=130.0.2849.68)
Build info: version: '4.10.0', revision: 'c14d967899'
System info: os.name: 'Windows 11', os.arch: 'amd64', os.version: '10.0', java.version: '21'
Driver info: org.openqa.selenium.edge.EdgeDriver
Command: [8f7be0ab48d95bf1bad738d8e3c856da, getAlertText {}]
Capabilities {acceptInsecureCerts: false, browserName: MicrosoftEdge, browserVersion: 130.0.2849.68, fedcm:accounts: true, ms:edgeOptions: {debuggerAddress: localhost:50324}, msedge: {msedgedriverVersion: 130.0.2849.56 (85245383cd01..., userDataDir: C:\Users\ajgom\AppData\Loca...}, networkConnectionEnabled: false, pageLoadStrategy: normal, platformName: windows, proxy: Proxy(), se:cdp: ws://localhost:50324/devtoo..., se:cdpVersion: 130.0.2849.68, setWindowRect: true, strictFileInteractability: false, timeouts: {implicit: 0, pageLoad: 300000, script: 30000}, unhandledPromptBehavior: dismiss and notify, webauthn:extension:credBlob: true, webauthn:extension:largeBlob: true, webauthn:extension:minPinLength: true, webauthn:extension:prf: true, webauthn:virtualAuthenticators: true}
Session ID: 8f7be0ab48d95bf1bad738d8e3c856da
	at java.base/jdk.internal.reflect.DirectConstructorHandleAccessor.newInstance(DirectConstructorHandleAccessor.java:62)
	at java.base/java.lang.reflect.Constructor.newInstanceWithCaller(Constructor.java:502)
	at java.base/java.lang.reflect.Constructor.newInstance(Constructor.java:486)
	at org.openqa.selenium.remote.codec.w3c.W3CHttpResponseCodec.createException(W3CHttpResponseCodec.java:199)
	at org.openqa.selenium.remote.codec.w3c.W3CHttpResponseCodec.decode(W3CHttpResponseCodec.java:132)
	at org.openqa.selenium.remote.codec.w3c.W3CHttpResponseCodec.decode(W3CHttpResponseCodec.java:51)
	at org.openqa.selenium.remote.HttpCommandExecutor.execute(HttpCommandExecutor.java:191)
	at org.openqa.selenium.remote.service.DriverCommandExecutor.invokeExecute(DriverCommandExecutor.java:196)
	at org.openqa.selenium.remote.service.DriverCommandExecutor.execute(DriverCommandExecutor.java:171)
	at org.openqa.selenium.remote.RemoteWebDriver.execute(RemoteWebDriver.java:531)
	at org.openqa.selenium.remote.RemoteWebDriver.execute(RemoteWebDriver.java:590)
	at org.openqa.selenium.remote.RemoteWebDriver.execute(RemoteWebDriver.java:594)
	at org.openqa.selenium.remote.RemoteWebDriver$RemoteTargetLocator.alert(RemoteWebDriver.java:1084)
	at pageObjects.NewCustomerPage.newCustomerName(NewCustomerPage.java:70)
	at stepDefinition.NewCustomer.user_does_not_enter_a_value_in_name_field(NewCustomer.java:33)
	at ✽.user does not enter a value in NAME Field(file:///C:/Users/ajgom/IdeaProjects/CucumberBDD/src/test/java/features/newCustomer.feature:10)
</textarea>
										</td>
									</tr>
									<tr>
										<td>Nov 9, 2024 06:56:06 PM</td>
										<td class='linked' test-id='59'>When user enters first character Blank Space in ADDRESS Field</td>
										<td>
											<textarea disabled class="code-block">org.openqa.selenium.NoAlertPresentException: no such alert
  (Session info: MicrosoftEdge=130.0.2849.68)
Build info: version: '4.10.0', revision: 'c14d967899'
System info: os.name: 'Windows 11', os.arch: 'amd64', os.version: '10.0', java.version: '21'
Driver info: org.openqa.selenium.edge.EdgeDriver
Command: [8f7be0ab48d95bf1bad738d8e3c856da, getAlertText {}]
Capabilities {acceptInsecureCerts: false, browserName: MicrosoftEdge, browserVersion: 130.0.2849.68, fedcm:accounts: true, ms:edgeOptions: {debuggerAddress: localhost:50324}, msedge: {msedgedriverVersion: 130.0.2849.56 (85245383cd01..., userDataDir: C:\Users\ajgom\AppData\Loca...}, networkConnectionEnabled: false, pageLoadStrategy: normal, platformName: windows, proxy: Proxy(), se:cdp: ws://localhost:50324/devtoo..., se:cdpVersion: 130.0.2849.68, setWindowRect: true, strictFileInteractability: false, timeouts: {implicit: 0, pageLoad: 300000, script: 30000}, unhandledPromptBehavior: dismiss and notify, webauthn:extension:credBlob: true, webauthn:extension:largeBlob: true, webauthn:extension:minPinLength: true, webauthn:extension:prf: true, webauthn:virtualAuthenticators: true}
Session ID: 8f7be0ab48d95bf1bad738d8e3c856da
	at java.base/jdk.internal.reflect.DirectConstructorHandleAccessor.newInstance(DirectConstructorHandleAccessor.java:62)
	at java.base/java.lang.reflect.Constructor.newInstanceWithCaller(Constructor.java:502)
	at java.base/java.lang.reflect.Constructor.newInstance(Constructor.java:486)
	at org.openqa.selenium.remote.codec.w3c.W3CHttpResponseCodec.createException(W3CHttpResponseCodec.java:199)
	at org.openqa.selenium.remote.codec.w3c.W3CHttpResponseCodec.decode(W3CHttpResponseCodec.java:132)
	at org.openqa.selenium.remote.codec.w3c.W3CHttpResponseCodec.decode(W3CHttpResponseCodec.java:51)
	at org.openqa.selenium.remote.HttpCommandExecutor.execute(HttpCommandExecutor.java:191)
	at org.openqa.selenium.remote.service.DriverCommandExecutor.invokeExecute(DriverCommandExecutor.java:196)
	at org.openqa.selenium.remote.service.DriverCommandExecutor.execute(DriverCommandExecutor.java:171)
	at org.openqa.selenium.remote.RemoteWebDriver.execute(RemoteWebDriver.java:531)
	at org.openqa.selenium.remote.RemoteWebDriver.execute(RemoteWebDriver.java:590)
	at org.openqa.selenium.remote.RemoteWebDriver.execute(RemoteWebDriver.java:594)
	at org.openqa.selenium.remote.RemoteWebDriver$RemoteTargetLocator.alert(RemoteWebDriver.java:1084)
	at pageObjects.NewCustomerPage.newCustomerName(NewCustomerPage.java:70)
	at stepDefinition.NewCustomer.user_does_not_enter_a_value_in_name_field(NewCustomer.java:33)
	at ✽.user does not enter a value in NAME Field(file:///C:/Users/ajgom/IdeaProjects/CucumberBDD/src/test/java/features/newCustomer.feature:10)
</textarea>
										</td>
									</tr>
									<tr>
										<td>Nov 9, 2024 06:56:10 PM</td>
										<td class='linked' test-id='66'>When user does not enter a value in CITY Field</td>
										<td>
											<textarea disabled class="code-block">org.openqa.selenium.NoAlertPresentException: no such alert
  (Session info: MicrosoftEdge=130.0.2849.68)
Build info: version: '4.10.0', revision: 'c14d967899'
System info: os.name: 'Windows 11', os.arch: 'amd64', os.version: '10.0', java.version: '21'
Driver info: org.openqa.selenium.edge.EdgeDriver
Command: [8f7be0ab48d95bf1bad738d8e3c856da, getAlertText {}]
Capabilities {acceptInsecureCerts: false, browserName: MicrosoftEdge, browserVersion: 130.0.2849.68, fedcm:accounts: true, ms:edgeOptions: {debuggerAddress: localhost:50324}, msedge: {msedgedriverVersion: 130.0.2849.56 (85245383cd01..., userDataDir: C:\Users\ajgom\AppData\Loca...}, networkConnectionEnabled: false, pageLoadStrategy: normal, platformName: windows, proxy: Proxy(), se:cdp: ws://localhost:50324/devtoo..., se:cdpVersion: 130.0.2849.68, setWindowRect: true, strictFileInteractability: false, timeouts: {implicit: 0, pageLoad: 300000, script: 30000}, unhandledPromptBehavior: dismiss and notify, webauthn:extension:credBlob: true, webauthn:extension:largeBlob: true, webauthn:extension:minPinLength: true, webauthn:extension:prf: true, webauthn:virtualAuthenticators: true}
Session ID: 8f7be0ab48d95bf1bad738d8e3c856da
	at java.base/jdk.internal.reflect.DirectConstructorHandleAccessor.newInstance(DirectConstructorHandleAccessor.java:62)
	at java.base/java.lang.reflect.Constructor.newInstanceWithCaller(Constructor.java:502)
	at java.base/java.lang.reflect.Constructor.newInstance(Constructor.java:486)
	at org.openqa.selenium.remote.codec.w3c.W3CHttpResponseCodec.createException(W3CHttpResponseCodec.java:199)
	at org.openqa.selenium.remote.codec.w3c.W3CHttpResponseCodec.decode(W3CHttpResponseCodec.java:132)
	at org.openqa.selenium.remote.codec.w3c.W3CHttpResponseCodec.decode(W3CHttpResponseCodec.java:51)
	at org.openqa.selenium.remote.HttpCommandExecutor.execute(HttpCommandExecutor.java:191)
	at org.openqa.selenium.remote.service.DriverCommandExecutor.invokeExecute(DriverCommandExecutor.java:196)
	at org.openqa.selenium.remote.service.DriverCommandExecutor.execute(DriverCommandExecutor.java:171)
	at org.openqa.selenium.remote.RemoteWebDriver.execute(RemoteWebDriver.java:531)
	at org.openqa.selenium.remote.RemoteWebDriver.execute(RemoteWebDriver.java:590)
	at org.openqa.selenium.remote.RemoteWebDriver.execute(RemoteWebDriver.java:594)
	at org.openqa.selenium.remote.RemoteWebDriver$RemoteTargetLocator.alert(RemoteWebDriver.java:1084)
	at pageObjects.NewCustomerPage.newCustomerName(NewCustomerPage.java:70)
	at stepDefinition.NewCustomer.user_does_not_enter_a_value_in_name_field(NewCustomer.java:33)
	at ✽.user does not enter a value in NAME Field(file:///C:/Users/ajgom/IdeaProjects/CucumberBDD/src/test/java/features/newCustomer.feature:10)
</textarea>
										</td>
									</tr>
									<tr>
										<td>Nov 9, 2024 06:56:28 PM</td>
										<td class='linked' test-id='104'>When user enters first character Blank Space in CITY Field</td>
										<td>
											<textarea disabled class="code-block">org.openqa.selenium.NoAlertPresentException: no such alert
  (Session info: MicrosoftEdge=130.0.2849.68)
Build info: version: '4.10.0', revision: 'c14d967899'
System info: os.name: 'Windows 11', os.arch: 'amd64', os.version: '10.0', java.version: '21'
Driver info: org.openqa.selenium.edge.EdgeDriver
Command: [8f7be0ab48d95bf1bad738d8e3c856da, getAlertText {}]
Capabilities {acceptInsecureCerts: false, browserName: MicrosoftEdge, browserVersion: 130.0.2849.68, fedcm:accounts: true, ms:edgeOptions: {debuggerAddress: localhost:50324}, msedge: {msedgedriverVersion: 130.0.2849.56 (85245383cd01..., userDataDir: C:\Users\ajgom\AppData\Loca...}, networkConnectionEnabled: false, pageLoadStrategy: normal, platformName: windows, proxy: Proxy(), se:cdp: ws://localhost:50324/devtoo..., se:cdpVersion: 130.0.2849.68, setWindowRect: true, strictFileInteractability: false, timeouts: {implicit: 0, pageLoad: 300000, script: 30000}, unhandledPromptBehavior: dismiss and notify, webauthn:extension:credBlob: true, webauthn:extension:largeBlob: true, webauthn:extension:minPinLength: true, webauthn:extension:prf: true, webauthn:virtualAuthenticators: true}
Session ID: 8f7be0ab48d95bf1bad738d8e3c856da
	at java.base/jdk.internal.reflect.DirectConstructorHandleAccessor.newInstance(DirectConstructorHandleAccessor.java:62)
	at java.base/java.lang.reflect.Constructor.newInstanceWithCaller(Constructor.java:502)
	at java.base/java.lang.reflect.Constructor.newInstance(Constructor.java:486)
	at org.openqa.selenium.remote.codec.w3c.W3CHttpResponseCodec.createException(W3CHttpResponseCodec.java:199)
	at org.openqa.selenium.remote.codec.w3c.W3CHttpResponseCodec.decode(W3CHttpResponseCodec.java:132)
	at org.openqa.selenium.remote.codec.w3c.W3CHttpResponseCodec.decode(W3CHttpResponseCodec.java:51)
	at org.openqa.selenium.remote.HttpCommandExecutor.execute(HttpCommandExecutor.java:191)
	at org.openqa.selenium.remote.service.DriverCommandExecutor.invokeExecute(DriverCommandExecutor.java:196)
	at org.openqa.selenium.remote.service.DriverCommandExecutor.execute(DriverCommandExecutor.java:171)
	at org.openqa.selenium.remote.RemoteWebDriver.execute(RemoteWebDriver.java:531)
	at org.openqa.selenium.remote.RemoteWebDriver.execute(RemoteWebDriver.java:590)
	at org.openqa.selenium.remote.RemoteWebDriver.execute(RemoteWebDriver.java:594)
	at org.openqa.selenium.remote.RemoteWebDriver$RemoteTargetLocator.alert(RemoteWebDriver.java:1084)
	at pageObjects.NewCustomerPage.newCustomerName(NewCustomerPage.java:70)
	at stepDefinition.NewCustomer.user_does_not_enter_a_value_in_name_field(NewCustomer.java:33)
	at ✽.user does not enter a value in NAME Field(file:///C:/Users/ajgom/IdeaProjects/CucumberBDD/src/test/java/features/newCustomer.feature:10)
</textarea>
										</td>
									</tr>
								</tbody>
							</table>
						</div>
					</div>
				</li>
				<li class='exception displayed active'>
					<div class='exception-heading'>
						<span class='exception-name'>java.lang.IllegalArgumentException</span>
						<span class='exception-count right'><span class='label red lighten-1 white-text'>8</span></span>
					</div>
					<div class='exception-content hide'>
						<div class='exception-tests'>
							<table class='bordered table-results'>
								<thead>
									<tr>
										<th>Timestamp</th>
										<th>TestName</th>
										<th>StackTrace</th>
									</tr>
								</thead>
								<tbody>
									<tr>
										<td>Nov 9, 2024 06:55:45 PM</td>
										<td class='linked' test-id='15'>When user enters numeric "1234" in NAME Field</td>
										<td>
											<textarea disabled class="code-block">java.lang.IllegalArgumentException: Keys to send should be a not null CharSequence
	at org.openqa.selenium.remote.RemoteWebElement.sendKeys(RemoteWebElement.java:97)
	at java.base/jdk.internal.reflect.DirectMethodHandleAccessor.invoke(DirectMethodHandleAccessor.java:103)
	at java.base/java.lang.reflect.Method.invoke(Method.java:580)
	at org.openqa.selenium.support.pagefactory.internal.LocatingElementHandler.invoke(LocatingElementHandler.java:51)
	at jdk.proxy2/jdk.proxy2.$Proxy28.sendKeys(Unknown Source)
	at pageObjects.NewCustomerPage.nameField(NewCustomerPage.java:83)
	at stepDefinition.NewCustomer.user_enters_numeric_in_name_field(NewCustomer.java:52)
	at ✽.user enters numeric "1234" in NAME Field(file:///C:/Users/ajgom/IdeaProjects/CucumberBDD/src/test/java/features/newCustomer.feature:16)
</textarea>
										</td>
									</tr>
									<tr>
										<td>Nov 9, 2024 06:55:49 PM</td>
										<td class='linked' test-id='22'>When user enters numeric "name123" in NAME Field</td>
										<td>
											<textarea disabled class="code-block">java.lang.IllegalArgumentException: Keys to send should be a not null CharSequence
	at org.openqa.selenium.remote.RemoteWebElement.sendKeys(RemoteWebElement.java:97)
	at java.base/jdk.internal.reflect.DirectMethodHandleAccessor.invoke(DirectMethodHandleAccessor.java:103)
	at java.base/java.lang.reflect.Method.invoke(Method.java:580)
	at org.openqa.selenium.support.pagefactory.internal.LocatingElementHandler.invoke(LocatingElementHandler.java:51)
	at jdk.proxy2/jdk.proxy2.$Proxy28.sendKeys(Unknown Source)
	at pageObjects.NewCustomerPage.nameField(NewCustomerPage.java:83)
	at stepDefinition.NewCustomer.user_enters_numeric_in_name_field(NewCustomer.java:52)
	at ✽.user enters numeric "1234" in NAME Field(file:///C:/Users/ajgom/IdeaProjects/CucumberBDD/src/test/java/features/newCustomer.feature:16)
</textarea>
										</td>
									</tr>
									<tr>
										<td>Nov 9, 2024 06:55:52 PM</td>
										<td class='linked' test-id='30'>When user enters special "name!@#" in NAME Field</td>
										<td>
											<textarea disabled class="code-block">java.lang.IllegalArgumentException: Keys to send should be a not null CharSequence
	at org.openqa.selenium.remote.RemoteWebElement.sendKeys(RemoteWebElement.java:97)
	at java.base/jdk.internal.reflect.DirectMethodHandleAccessor.invoke(DirectMethodHandleAccessor.java:103)
	at java.base/java.lang.reflect.Method.invoke(Method.java:580)
	at org.openqa.selenium.support.pagefactory.internal.LocatingElementHandler.invoke(LocatingElementHandler.java:51)
	at jdk.proxy2/jdk.proxy2.$Proxy28.sendKeys(Unknown Source)
	at pageObjects.NewCustomerPage.nameField(NewCustomerPage.java:83)
	at stepDefinition.NewCustomer.user_enters_numeric_in_name_field(NewCustomer.java:52)
	at ✽.user enters numeric "1234" in NAME Field(file:///C:/Users/ajgom/IdeaProjects/CucumberBDD/src/test/java/features/newCustomer.feature:16)
</textarea>
										</td>
									</tr>
									<tr>
										<td>Nov 9, 2024 06:55:56 PM</td>
										<td class='linked' test-id='37'>When user enters special "!@#" in NAME Field</td>
										<td>
											<textarea disabled class="code-block">java.lang.IllegalArgumentException: Keys to send should be a not null CharSequence
	at org.openqa.selenium.remote.RemoteWebElement.sendKeys(RemoteWebElement.java:97)
	at java.base/jdk.internal.reflect.DirectMethodHandleAccessor.invoke(DirectMethodHandleAccessor.java:103)
	at java.base/java.lang.reflect.Method.invoke(Method.java:580)
	at org.openqa.selenium.support.pagefactory.internal.LocatingElementHandler.invoke(LocatingElementHandler.java:51)
	at jdk.proxy2/jdk.proxy2.$Proxy28.sendKeys(Unknown Source)
	at pageObjects.NewCustomerPage.nameField(NewCustomerPage.java:83)
	at stepDefinition.NewCustomer.user_enters_numeric_in_name_field(NewCustomer.java:52)
	at ✽.user enters numeric "1234" in NAME Field(file:///C:/Users/ajgom/IdeaProjects/CucumberBDD/src/test/java/features/newCustomer.feature:16)
</textarea>
										</td>
									</tr>
									<tr>
										<td>Nov 9, 2024 06:56:13 PM</td>
										<td class='linked' test-id='75'>When user enters numeric "1234" in CITY Field</td>
										<td>
											<textarea disabled class="code-block">java.lang.IllegalArgumentException: Keys to send should be a not null CharSequence
	at org.openqa.selenium.remote.RemoteWebElement.sendKeys(RemoteWebElement.java:97)
	at java.base/jdk.internal.reflect.DirectMethodHandleAccessor.invoke(DirectMethodHandleAccessor.java:103)
	at java.base/java.lang.reflect.Method.invoke(Method.java:580)
	at org.openqa.selenium.support.pagefactory.internal.LocatingElementHandler.invoke(LocatingElementHandler.java:51)
	at jdk.proxy2/jdk.proxy2.$Proxy28.sendKeys(Unknown Source)
	at pageObjects.NewCustomerPage.nameField(NewCustomerPage.java:83)
	at stepDefinition.NewCustomer.user_enters_numeric_in_name_field(NewCustomer.java:52)
	at ✽.user enters numeric "1234" in NAME Field(file:///C:/Users/ajgom/IdeaProjects/CucumberBDD/src/test/java/features/newCustomer.feature:16)
</textarea>
										</td>
									</tr>
									<tr>
										<td>Nov 9, 2024 06:56:17 PM</td>
										<td class='linked' test-id='82'>When user enters numeric "city123" in CITY Field</td>
										<td>
											<textarea disabled class="code-block">java.lang.IllegalArgumentException: Keys to send should be a not null CharSequence
	at org.openqa.selenium.remote.RemoteWebElement.sendKeys(RemoteWebElement.java:97)
	at java.base/jdk.internal.reflect.DirectMethodHandleAccessor.invoke(DirectMethodHandleAccessor.java:103)
	at java.base/java.lang.reflect.Method.invoke(Method.java:580)
	at org.openqa.selenium.support.pagefactory.internal.LocatingElementHandler.invoke(LocatingElementHandler.java:51)
	at jdk.proxy2/jdk.proxy2.$Proxy28.sendKeys(Unknown Source)
	at pageObjects.NewCustomerPage.nameField(NewCustomerPage.java:83)
	at stepDefinition.NewCustomer.user_enters_numeric_in_name_field(NewCustomer.java:52)
	at ✽.user enters numeric "1234" in NAME Field(file:///C:/Users/ajgom/IdeaProjects/CucumberBDD/src/test/java/features/newCustomer.feature:16)
</textarea>
										</td>
									</tr>
									<tr>
										<td>Nov 9, 2024 06:56:20 PM</td>
										<td class='linked' test-id='90'>When user enters special "City!@#" in CITY Field</td>
										<td>
											<textarea disabled class="code-block">java.lang.IllegalArgumentException: Keys to send should be a not null CharSequence
	at org.openqa.selenium.remote.RemoteWebElement.sendKeys(RemoteWebElement.java:97)
	at java.base/jdk.internal.reflect.DirectMethodHandleAccessor.invoke(DirectMethodHandleAccessor.java:103)
	at java.base/java.lang.reflect.Method.invoke(Method.java:580)
	at org.openqa.selenium.support.pagefactory.internal.LocatingElementHandler.invoke(LocatingElementHandler.java:51)
	at jdk.proxy2/jdk.proxy2.$Proxy28.sendKeys(Unknown Source)
	at pageObjects.NewCustomerPage.nameField(NewCustomerPage.java:83)
	at stepDefinition.NewCustomer.user_enters_numeric_in_name_field(NewCustomer.java:52)
	at ✽.user enters numeric "1234" in NAME Field(file:///C:/Users/ajgom/IdeaProjects/CucumberBDD/src/test/java/features/newCustomer.feature:16)
</textarea>
										</td>
									</tr>
									<tr>
										<td>Nov 9, 2024 06:56:24 PM</td>
										<td class='linked' test-id='97'>When user enters special "!@#" in CITY Field</td>
										<td>
											<textarea disabled class="code-block">java.lang.IllegalArgumentException: Keys to send should be a not null CharSequence
	at org.openqa.selenium.remote.RemoteWebElement.sendKeys(RemoteWebElement.java:97)
	at java.base/jdk.internal.reflect.DirectMethodHandleAccessor.invoke(DirectMethodHandleAccessor.java:103)
	at java.base/java.lang.reflect.Method.invoke(Method.java:580)
	at org.openqa.selenium.support.pagefactory.internal.LocatingElementHandler.invoke(LocatingElementHandler.java:51)
	at jdk.proxy2/jdk.proxy2.$Proxy28.sendKeys(Unknown Source)
	at pageObjects.NewCustomerPage.nameField(NewCustomerPage.java:83)
	at stepDefinition.NewCustomer.user_enters_numeric_in_name_field(NewCustomer.java:52)
	at ✽.user enters numeric "1234" in NAME Field(file:///C:/Users/ajgom/IdeaProjects/CucumberBDD/src/test/java/features/newCustomer.feature:16)
</textarea>
										</td>
									</tr>
								</tbody>
							</table>
						</div>
					</div>
				</li>
			</ul>
		</div>
	</div>
	<div class='subview-right left'>
		<div class='view-summary'>
			<h5 class='exception-name'></h5>
		</div>
	</div>
</div>
<!-- exception view --><div id='dashboard-view' class='view hide'>
	<div class='card-panel transparent np-v'>
		<h5>Dashboard</h5>

		<div class='row'>
			<div class='col s2'>
				<div class='card-panel r'>
					Features
					<div class='panel-lead'>1</div>
				</div>
			</div>
			<div class='col s2'>
				<div class='card-panel r'>
					Scenarios
					<div class='panel-lead'>14</div>
				</div>
			</div>
			<div class='col s2'>
				<div class='card-panel r'>
					Steps
					<div class='panel-lead'>59</div>
				</div>
			</div>
			<div class='col s2'>
				<div class='card-panel r'>
					Start
					<div class='panel-lead'>Nov 9, 2024 06:55:35 PM</div>
				</div>
			</div>
			<div class='col s2'>
				<div class='card-panel r'>
			 		End
			 		<div class='panel-lead'>Nov 9, 2024 06:56:28 PM</div>
				</div>
			</div>
			<div class='col s2'>
				<div class='card-panel r'>
					Time Taken
					<div class='panel-lead'>00 00 53.444</div>
				</div>
			</div>
			<div class='col s4'>
				<div class='card-panel dashboard-environment'>
					<span class='right label cyan white-text'>Environment</span><p>&nbsp;</p>
					
					<table>
						<tr>
							<th>Name</th>
							<th>Value</th>
						</tr>
							<tr>
								<td>AppName</td>
								<td>guru99</td>
							</tr>
							<tr>
								<td>user</td>
								<td>Jess</td>
							</tr>
							<tr>
								<td>build</td>
								<td>1.2</td>
							</tr>
					</table>
				</div>
			</div>
		</div>
	</div>
</div>
<!-- dashboard view -->
		</div>
		<!-- container -->
		<script>
			var statusGroup = {
                parentCount: 1,
				passParent: 0,
				failParent: 1,
				fatalParent: 0,
				errorParent: 0,
				warningParent: 0,
				skipParent: 0,
				childCount: 14,
				passChild: 0,
				failChild: 14,
				fatalChild: 0,
				errorChild: 0,
				warningChild: 0,
				skipChild: 0,
				infoChild: 0,
				grandChildCount: 59,
				passGrandChild: 28,
				failGrandChild: 14,
				fatalGrandChild: 0,
				errorGrandChild: 0,
				warningGrandChild: 0,
				skipGrandChild: 17,
				infoGrandChild: 0,
			};
			</script>
		
		<script>
			var timeline = {
			        "New Customer":52.168
			};
		</script>
		
		  <script src='http://cdn.jsdelivr.net/gh/extent-framework/extent-github-cdn@ff53917fbbdb5ef820abbbe4d199a6942dc771ff/v3html/js/extent.js' type='text/javascript'></script>
		
		
		<script type='text/javascript'>
				
		</script> 

	</body>
</html>